Fri Oct  6 09:19:09 2017 Operations logged to /tmp/zmsetup.20171006-091909.log
Fri Oct  6 09:19:09 2017 Getting installed packages
Fri Oct  6 09:19:09 2017 checking isEnabled zimbra-core
Fri Oct  6 09:19:09 2017 zimbra-core not in enabled cache
Fri Oct  6 09:19:09 2017 enabled packages 
Fri Oct  6 09:19:09 2017 Newinstall enabling all installed packages
Fri Oct  6 09:19:09 2017 Enabling zimbra-core
Fri Oct  6 09:19:09 2017 Enabling zimbra-store
Fri Oct  6 09:19:09 2017 Enabling zimbra-apache
Fri Oct  6 09:19:09 2017 Enabling zimbra-spell
Fri Oct  6 09:19:09 2017 Enabling zimbra-imapd
Fri Oct  6 09:19:09 2017 Determining installed web applications
Fri Oct  6 09:19:09 2017 Web application service is enabled.
Fri Oct  6 09:19:09 2017 Web application zimbra is enabled.
Fri Oct  6 09:19:09 2017 Web application zimbraAdmin is enabled.
Fri Oct  6 09:19:09 2017 Web application zimlet is enabled.
Fri Oct  6 09:19:09 2017 Setting defaults...
Fri Oct  6 09:19:09 2017 Setting local config zimbra_java_home to /opt/zimbra/common/lib/jvm/java
Fri Oct  6 09:19:09 2017 *** Running as zimbra user: /opt/zimbra/bin/zmlocalconfig -f -e zimbra_java_home='/opt/zimbra/common/lib/jvm/java' 2> /dev/null
Fri Oct  6 09:19:11 2017 checking isEnabled zimbra-dnscache
Fri Oct  6 09:19:11 2017 zimbra-dnscache not in enabled cache
Fri Oct  6 09:19:11 2017 enabled packages zimbra-store zimbra-core zimbra-spell zimbra-imapd zimbra-apache
Fri Oct  6 09:19:11 2017 Newinstall enabling all installed packages
Fri Oct  6 09:19:11 2017 Enabling zimbra-core
Fri Oct  6 09:19:11 2017 Enabling zimbra-store
Fri Oct  6 09:19:11 2017 Enabling zimbra-apache
Fri Oct  6 09:19:11 2017 Enabling zimbra-spell
Fri Oct  6 09:19:11 2017 Enabling zimbra-imapd
Fri Oct  6 09:19:11 2017 checking isEnabled zimbra-store
Fri Oct  6 09:19:11 2017 zimbra-store is enabled
Fri Oct  6 09:19:12 2017 checking isEnabled zimbra-imapd
Fri Oct  6 09:19:12 2017 zimbra-imapd is enabled
Fri Oct  6 09:19:12 2017 checking isEnabled zimbra-ldap
Fri Oct  6 09:19:12 2017 zimbra-ldap not in enabled cache
Fri Oct  6 09:19:12 2017 enabled packages zimbra-imapd zimbra-dnscache zimbra-apache zimbra-core zimbra-spell zimbra-store
Fri Oct  6 09:19:12 2017 Newinstall enabling all installed packages
Fri Oct  6 09:19:12 2017 Enabling zimbra-core
Fri Oct  6 09:19:13 2017 Enabling zimbra-store
Fri Oct  6 09:19:13 2017 Enabling zimbra-apache
Fri Oct  6 09:19:13 2017 Enabling zimbra-spell
Fri Oct  6 09:19:13 2017 Enabling zimbra-imapd
Fri Oct  6 09:19:13 2017 checking isEnabled zimbra-store
Fri Oct  6 09:19:13 2017 zimbra-store is enabled
Fri Oct  6 09:19:13 2017 Local timezone detected as UTC
Fri Oct  6 09:19:13 2017 Default Olson timezone name UTC
Fri Oct  6 09:19:13 2017 checking isEnabled zimbra-store
Fri Oct  6 09:19:13 2017 zimbra-store is enabled
Fri Oct  6 09:19:13 2017 checking isEnabled zimbra-mta
Fri Oct  6 09:19:13 2017 zimbra-mta not in enabled cache
Fri Oct  6 09:19:13 2017 enabled packages zimbra-ldap zimbra-store zimbra-core zimbra-spell zimbra-imapd zimbra-dnscache zimbra-apache
Fri Oct  6 09:19:13 2017 Newinstall enabling all installed packages
Fri Oct  6 09:19:13 2017 Enabling zimbra-core
Fri Oct  6 09:19:13 2017 Enabling zimbra-store
Fri Oct  6 09:19:13 2017 Enabling zimbra-apache
Fri Oct  6 09:19:13 2017 Enabling zimbra-spell
Fri Oct  6 09:19:13 2017 Enabling zimbra-imapd
Fri Oct  6 09:19:13 2017 done.
Fri Oct  6 09:19:13 2017 checking isEnabled zimbra-ldap
Fri Oct  6 09:19:13 2017 zimbra-ldap is not enabled
Fri Oct  6 09:19:13 2017 checking isEnabled zimbra-store
Fri Oct  6 09:19:13 2017 zimbra-store is enabled
Fri Oct  6 09:19:13 2017 checking isEnabled zimbra-mta
Fri Oct  6 09:19:13 2017 zimbra-mta is not enabled
Fri Oct  6 09:19:13 2017 checking isEnabled zimbra-proxy
Fri Oct  6 09:19:13 2017 zimbra-proxy not in enabled cache
Fri Oct  6 09:19:13 2017 enabled packages zimbra-imapd zimbra-apache zimbra-dnscache zimbra-mta zimbra-spell zimbra-store zimbra-ldap zimbra-core
Fri Oct  6 09:19:13 2017 Newinstall enabling all installed packages
Fri Oct  6 09:19:13 2017 Enabling zimbra-core
Fri Oct  6 09:19:13 2017 Enabling zimbra-store
Fri Oct  6 09:19:13 2017 Enabling zimbra-apache
Fri Oct  6 09:19:13 2017 Enabling zimbra-spell
Fri Oct  6 09:19:13 2017 Enabling zimbra-imapd
Fri Oct  6 09:19:13 2017 checking isEnabled zimbra-mta
Fri Oct  6 09:19:13 2017 zimbra-mta is not enabled
Fri Oct  6 09:19:13 2017 checking isEnabled zimbra-core
Fri Oct  6 09:19:13 2017 zimbra-core is enabled
Fri Oct  6 09:19:13 2017 checking isEnabled zimbra-spell
Fri Oct  6 09:19:13 2017 zimbra-spell is enabled
Fri Oct  6 09:19:13 2017 Checking for port conflicts
Fri Oct  6 09:19:13 2017 checking isEnabled zimbra-ldap
Fri Oct  6 09:19:13 2017 zimbra-ldap is not enabled
Fri Oct  6 09:19:13 2017 checking isEnabled zimbra-store
Fri Oct  6 09:19:13 2017 zimbra-store is enabled
Fri Oct  6 09:19:13 2017 checking isEnabled zimbra-logger
Fri Oct  6 09:19:13 2017 zimbra-logger not in enabled cache
Fri Oct  6 09:19:13 2017 enabled packages zimbra-core zimbra-store zimbra-ldap zimbra-mta zimbra-proxy zimbra-imapd zimbra-apache zimbra-dnscache zimbra-spell
Fri Oct  6 09:19:13 2017 Newinstall enabling all installed packages
Fri Oct  6 09:19:13 2017 Enabling zimbra-core
Fri Oct  6 09:19:13 2017 Enabling zimbra-store
Fri Oct  6 09:19:13 2017 Enabling zimbra-apache
Fri Oct  6 09:19:14 2017 Enabling zimbra-spell
Fri Oct  6 09:19:14 2017 Enabling zimbra-imapd
Fri Oct  6 09:19:14 2017 checking isEnabled zimbra-mta
Fri Oct  6 09:19:14 2017 zimbra-mta is not enabled
Fri Oct  6 09:19:14 2017 ldap configuration not complete
Fri Oct  6 09:19:14 2017 Saving config in /opt/zimbra/config.102...
Fri Oct  6 09:19:14 2017 done.
Fri Oct  6 09:19:14 2017 Operations logged to /tmp/zmsetup.20171006-091909.log
Fri Oct  6 09:19:14 2017 checking isEnabled zimbra-store
Fri Oct  6 09:19:14 2017 zimbra-store is enabled
Fri Oct  6 09:19:14 2017 Determining installed web applications
Fri Oct  6 09:19:14 2017 Web application service is enabled.
Fri Oct  6 09:19:14 2017 Web application zimbra is enabled.
Fri Oct  6 09:19:14 2017 Web application zimbraAdmin is enabled.
Fri Oct  6 09:19:14 2017 Web application zimlet is enabled.
Fri Oct  6 09:19:14 2017 Setting local config values...
Fri Oct  6 09:19:14 2017 Setting local config zimbra_server_hostname to zmc-mailbox
Fri Oct  6 09:19:14 2017 *** Running as zimbra user: /opt/zimbra/bin/zmlocalconfig -f -e zimbra_server_hostname='zmc-mailbox' 2> /dev/null
Fri Oct  6 09:19:14 2017 Setting local config zimbra_require_interprocess_security to 1
Fri Oct  6 09:19:14 2017 *** Running as zimbra user: /opt/zimbra/bin/zmlocalconfig -f -e zimbra_require_interprocess_security='1' 2> /dev/null
Fri Oct  6 09:19:14 2017 Setting local config ldap_master_url to ldap://zmc-ldap:389
Fri Oct  6 09:19:14 2017 *** Running as zimbra user: /opt/zimbra/bin/zmlocalconfig -f -e ldap_master_url='ldap://zmc-ldap:389' 2> /dev/null
Fri Oct  6 09:19:15 2017 Setting local config ldap_url to ldap://zmc-ldap:389
Fri Oct  6 09:19:15 2017 *** Running as zimbra user: /opt/zimbra/bin/zmlocalconfig -f -e ldap_url='ldap://zmc-ldap:389' 2> /dev/null
Fri Oct  6 09:19:15 2017 Setting local config ldap_starttls_supported to 1
Fri Oct  6 09:19:15 2017 *** Running as zimbra user: /opt/zimbra/bin/zmlocalconfig -f -e ldap_starttls_supported='1' 2> /dev/null
Fri Oct  6 09:19:15 2017 checking isEnabled zimbra-store
Fri Oct  6 09:19:15 2017 zimbra-store is enabled
Fri Oct  6 09:19:15 2017 Setting local config zimbra_zmprov_default_to_ldap to false
Fri Oct  6 09:19:15 2017 *** Running as zimbra user: /opt/zimbra/bin/zmlocalconfig -f -e zimbra_zmprov_default_to_ldap='false' 2> /dev/null
Fri Oct  6 09:19:16 2017 Setting local config ldap_port to 389
Fri Oct  6 09:19:16 2017 *** Running as zimbra user: /opt/zimbra/bin/zmlocalconfig -f -e ldap_port='389' 2> /dev/null
Fri Oct  6 09:19:16 2017 Setting local config ldap_host to zmc-ldap
Fri Oct  6 09:19:16 2017 *** Running as zimbra user: /opt/zimbra/bin/zmlocalconfig -f -e ldap_host='zmc-ldap' 2> /dev/null
Fri Oct  6 09:19:17 2017 Setting local config zimbra_uid to 999
Fri Oct  6 09:19:17 2017 *** Running as zimbra user: /opt/zimbra/bin/zmlocalconfig -f -e zimbra_uid='999' 2> /dev/null
Fri Oct  6 09:19:17 2017 Setting local config zimbra_gid to 999
Fri Oct  6 09:19:17 2017 *** Running as zimbra user: /opt/zimbra/bin/zmlocalconfig -f -e zimbra_gid='999' 2> /dev/null
Fri Oct  6 09:19:17 2017 Setting local config zimbra_user to zimbra
Fri Oct  6 09:19:17 2017 *** Running as zimbra user: /opt/zimbra/bin/zmlocalconfig -f -e zimbra_user='zimbra' 2> /dev/null
Fri Oct  6 09:19:18 2017 Setting local config av_notify_user to admin@zmc
Fri Oct  6 09:19:18 2017 *** Running as zimbra user: /opt/zimbra/bin/zmlocalconfig -f -e av_notify_user='admin@zmc' 2> /dev/null
Fri Oct  6 09:19:18 2017 Setting local config av_notify_domain to zmc
Fri Oct  6 09:19:18 2017 *** Running as zimbra user: /opt/zimbra/bin/zmlocalconfig -f -e av_notify_domain='zmc' 2> /dev/null
Fri Oct  6 09:19:18 2017 Setting local config ssl_allow_untrusted_certs to true
Fri Oct  6 09:19:18 2017 *** Running as zimbra user: /opt/zimbra/bin/zmlocalconfig -f -e ssl_allow_untrusted_certs='true' 2> /dev/null
Fri Oct  6 09:19:19 2017 Setting local config ssl_allow_mismatched_certs to true
Fri Oct  6 09:19:19 2017 *** Running as zimbra user: /opt/zimbra/bin/zmlocalconfig -f -e ssl_allow_mismatched_certs='true' 2> /dev/null
Fri Oct  6 09:19:19 2017 Setting local config ssl_default_digest to sha256
Fri Oct  6 09:19:19 2017 *** Running as zimbra user: /opt/zimbra/bin/zmlocalconfig -f -e ssl_default_digest='sha256' 2> /dev/null
Fri Oct  6 09:19:19 2017 Setting local config mailboxd_java_heap_size to 512
Fri Oct  6 09:19:19 2017 *** Running as zimbra user: /opt/zimbra/bin/zmlocalconfig -f -e mailboxd_java_heap_size='512' 2> /dev/null
Fri Oct  6 09:19:20 2017 Setting local config mailboxd_directory to /opt/zimbra/mailboxd
Fri Oct  6 09:19:20 2017 *** Running as zimbra user: /opt/zimbra/bin/zmlocalconfig -f -e mailboxd_directory='/opt/zimbra/mailboxd' 2> /dev/null
Fri Oct  6 09:19:20 2017 Setting local config mailboxd_keystore to /opt/zimbra/mailboxd/etc/keystore
Fri Oct  6 09:19:20 2017 *** Running as zimbra user: /opt/zimbra/bin/zmlocalconfig -f -e mailboxd_keystore='/opt/zimbra/mailboxd/etc/keystore' 2> /dev/null
Fri Oct  6 09:19:21 2017 Setting local config mailboxd_server to jetty
Fri Oct  6 09:19:21 2017 *** Running as zimbra user: /opt/zimbra/bin/zmlocalconfig -f -e mailboxd_server='jetty' 2> /dev/null
Fri Oct  6 09:19:21 2017 Setting local config mailboxd_truststore to /opt/zimbra/common/lib/jvm/java/jre/lib/security/cacerts
Fri Oct  6 09:19:21 2017 *** Running as zimbra user: /opt/zimbra/bin/zmlocalconfig -f -e mailboxd_truststore='/opt/zimbra/common/lib/jvm/java/jre/lib/security/cacerts' 2> /dev/null
Fri Oct  6 09:19:21 2017 Setting local config mailboxd_truststore_password to changeit
Fri Oct  6 09:19:21 2017 *** Running as zimbra user: /opt/zimbra/bin/zmlocalconfig -f -e mailboxd_truststore_password='changeit' 2> /dev/null
Fri Oct  6 09:19:22 2017 Setting local config mailboxd_keystore_password to zimbra
Fri Oct  6 09:19:22 2017 *** Running as zimbra user: /opt/zimbra/bin/zmlocalconfig -f -e mailboxd_keystore_password='zimbra' 2> /dev/null
Fri Oct  6 09:19:22 2017 Setting local config zimbra_ldap_userdn to uid=zimbra,cn=admins,cn=zimbra
Fri Oct  6 09:19:22 2017 *** Running as zimbra user: /opt/zimbra/bin/zmlocalconfig -f -e zimbra_ldap_userdn='uid=zimbra,cn=admins,cn=zimbra' 2> /dev/null
Fri Oct  6 09:19:22 2017 done.
Fri Oct  6 09:19:22 2017 checking isEnabled zimbra-core
Fri Oct  6 09:19:22 2017 zimbra-core is enabled
Fri Oct  6 09:19:22 2017 Initializing core config...
Fri Oct  6 09:19:22 2017 Updating ldap_root_password and zimbra_ldap_password...
Fri Oct  6 09:19:22 2017 Setting local config ldap_root_password to zimbra
Fri Oct  6 09:19:22 2017 *** Running as zimbra user: /opt/zimbra/bin/zmlocalconfig -f -e ldap_root_password='zimbra' 2> /dev/null
Fri Oct  6 09:19:23 2017 Setting local config zimbra_ldap_password to zimbra
Fri Oct  6 09:19:23 2017 *** Running as zimbra user: /opt/zimbra/bin/zmlocalconfig -f -e zimbra_ldap_password='zimbra' 2> /dev/null
Fri Oct  6 09:19:23 2017 done.
Fri Oct  6 09:19:23 2017 Setting up CA...
Fri Oct  6 09:19:23 2017 *** Running as zimbra user: /opt/zimbra/bin/zmcertmgr createca 
** Creating directory '/opt/zimbra/conf/ca'
** Creating directory '/opt/zimbra/ssl/zimbra'
** Creating directory '/opt/zimbra/ssl/zimbra/ca'
** Creating directory '/opt/zimbra/ssl/zimbra/commercial'
** Creating directory '/opt/zimbra/ssl/zimbra/server'
** Creating directory '/opt/zimbra/ssl/zimbra/ca/newcerts'
** Touching file '/opt/zimbra/ssl/.rnd'
** Touching file '/opt/zimbra/ssl/zimbra/ca/index.txt'
** Creating /opt/zimbra/ssl/zimbra/ca/zmssl.cnf
** Retrieving CA cert from LDAP... ok
** Creating '/opt/zimbra/ssl/zimbra/ca/ca.pem'
** Retrieving CA private key from LDAP... ok
** Creating '/opt/zimbra/ssl/zimbra/ca/ca.key'
** Retrieving Commercial CA cert from LDAP... ok
Fri Oct  6 09:19:33 2017 done.
Fri Oct  6 09:19:33 2017 Deploying CA to /opt/zimbra/conf/ca ...
Fri Oct  6 09:19:33 2017 *** Running as zimbra user: /opt/zimbra/bin/zmcertmgr deployca -localonly
** Importing cert '/opt/zimbra/ssl/zimbra/ca/ca.pem' as 'my_ca' into cacerts '/opt/zimbra/common/lib/jvm/java/jre/lib/security/cacerts'
** NOTE: restart mailboxd to use the imported certificate.
** Copying CA to /opt/zimbra/conf/ca
** Copying '/opt/zimbra/ssl/zimbra/ca/ca.key' to '/opt/zimbra/conf/ca/ca.key'
** Copying '/opt/zimbra/ssl/zimbra/ca/ca.pem' to '/opt/zimbra/conf/ca/ca.pem'
** Creating CA hash symlink 'e9dde4df.0' -> 'ca.pem'
Fri Oct  6 09:19:35 2017 done.
Fri Oct  6 09:19:35 2017 Creating SSL zimbra-imapd certificate...
Fri Oct  6 09:19:35 2017 *** Running as zimbra user: /opt/zimbra/bin/zmcertmgr createcrt -new
** Backup /opt/zimbra/ssl/zimbra to /opt/zimbra/ssl/zimbra.20171006091935
** Creating /opt/zimbra/conf/zmssl.cnf
** Generating a server CSR of type 'self' for download
** Using CA cert in '/opt/zimbra/ssl/zimbra/ca/ca.pem'
** Using CA private key in '/opt/zimbra/ssl/zimbra/ca/ca.key'
** Retrieving Commercial CA cert from LDAP... ok
** Creating server cert request /opt/zimbra/ssl/zimbra/server/server.csr with keysize=2048 digest=sha256
** Saving config key 'zimbraSSLPrivateKey' via zmprov modifyServer zmc-mailbox...failed (rc=2)
** Signing cert request /opt/zimbra/ssl/zimbra/server/server.csr
Fri Oct  6 09:19:40 2017 done.
Fri Oct  6 09:19:40 2017 Creating new zimbra-store SSL certificate...
Fri Oct  6 09:19:40 2017 *** Running as zimbra user: /opt/zimbra/bin/zmcertmgr createcrt -new
** Backup /opt/zimbra/ssl/zimbra to /opt/zimbra/ssl/zimbra.20171006091941
** Recreating /opt/zimbra/conf/zmssl.cnf
** Generating a server CSR of type 'self' for download
** Using CA cert in '/opt/zimbra/ssl/zimbra/ca/ca.pem'
** Using CA private key in '/opt/zimbra/ssl/zimbra/ca/ca.key'
** Retrieving Commercial CA cert from LDAP... ok
** Creating server cert request /opt/zimbra/ssl/zimbra/server/server.csr with keysize=2048 digest=sha256
** Saving config key 'zimbraSSLPrivateKey' via zmprov modifyServer zmc-mailbox...failed (rc=2)
** Signing cert request /opt/zimbra/ssl/zimbra/server/server.csr
Fri Oct  6 09:19:46 2017 done.
Fri Oct  6 09:19:46 2017 Installing mailboxd SSL certificates...
Fri Oct  6 09:19:46 2017 /opt/zimbra/mailboxd/etc/keystore didn't exist.
Fri Oct  6 09:19:46 2017 -new was ne "".
Fri Oct  6 09:19:46 2017 *** Running as zimbra user: /opt/zimbra/bin/zmcertmgr deploycrt self
** Installing imapd certificate '/opt/zimbra/conf/imapd.crt' and key '/opt/zimbra/conf/imapd.key'
** Copying '/opt/zimbra/ssl/zimbra/server/server.crt' to '/opt/zimbra/conf/imapd.crt'
** Copying '/opt/zimbra/ssl/zimbra/server/server.key' to '/opt/zimbra/conf/imapd.key'
** Creating file '/opt/zimbra/ssl/zimbra/jetty.pkcs12'
** Creating keystore '/opt/zimbra/conf/imapd.keystore'
** Installing ldap certificate '/opt/zimbra/conf/slapd.crt' and key '/opt/zimbra/conf/slapd.key'
** Copying '/opt/zimbra/ssl/zimbra/server/server.crt' to '/opt/zimbra/conf/slapd.crt'
** Copying '/opt/zimbra/ssl/zimbra/server/server.key' to '/opt/zimbra/conf/slapd.key'
** Creating file '/opt/zimbra/ssl/zimbra/jetty.pkcs12'
** Creating keystore '/opt/zimbra/mailboxd/etc/keystore'
** Installing mta certificate '/opt/zimbra/conf/smtpd.crt' and key '/opt/zimbra/conf/smtpd.key'
** Copying '/opt/zimbra/ssl/zimbra/server/server.crt' to '/opt/zimbra/conf/smtpd.crt'
** Copying '/opt/zimbra/ssl/zimbra/server/server.key' to '/opt/zimbra/conf/smtpd.key'
** Installing proxy certificate '/opt/zimbra/conf/nginx.crt' and key '/opt/zimbra/conf/nginx.key'
** Copying '/opt/zimbra/ssl/zimbra/server/server.crt' to '/opt/zimbra/conf/nginx.crt'
** Copying '/opt/zimbra/ssl/zimbra/server/server.key' to '/opt/zimbra/conf/nginx.key'
** NOTE: restart services to use the new certificates.
** Cleaning up 3 files from '/opt/zimbra/conf/ca'
** Removing /opt/zimbra/conf/ca/ca.key
** Removing /opt/zimbra/conf/ca/e9dde4df.0
** Removing /opt/zimbra/conf/ca/ca.pem
** Copying CA to /opt/zimbra/conf/ca
** Copying '/opt/zimbra/ssl/zimbra/ca/ca.key' to '/opt/zimbra/conf/ca/ca.key'
** Copying '/opt/zimbra/ssl/zimbra/ca/ca.pem' to '/opt/zimbra/conf/ca/ca.pem'
** Creating CA hash symlink 'e9dde4df.0' -> 'ca.pem'
Fri Oct  6 09:19:47 2017 done.
Fri Oct  6 09:19:47 2017 Installing imapd SSL certificates...
Fri Oct  6 09:19:47 2017 -new was ne "".
Fri Oct  6 09:19:47 2017 *** Running as zimbra user: /opt/zimbra/bin/zmcertmgr deploycrt self
** Installing imapd certificate '/opt/zimbra/conf/imapd.crt' and key '/opt/zimbra/conf/imapd.key'
** Copying '/opt/zimbra/ssl/zimbra/server/server.crt' to '/opt/zimbra/conf/imapd.crt'
** Copying '/opt/zimbra/ssl/zimbra/server/server.key' to '/opt/zimbra/conf/imapd.key'
** Creating file '/opt/zimbra/ssl/zimbra/jetty.pkcs12'
** Creating keystore '/opt/zimbra/conf/imapd.keystore'
** Installing ldap certificate '/opt/zimbra/conf/slapd.crt' and key '/opt/zimbra/conf/slapd.key'
** Copying '/opt/zimbra/ssl/zimbra/server/server.crt' to '/opt/zimbra/conf/slapd.crt'
** Copying '/opt/zimbra/ssl/zimbra/server/server.key' to '/opt/zimbra/conf/slapd.key'
** Creating file '/opt/zimbra/ssl/zimbra/jetty.pkcs12'
** Creating keystore '/opt/zimbra/mailboxd/etc/keystore'
** Installing mta certificate '/opt/zimbra/conf/smtpd.crt' and key '/opt/zimbra/conf/smtpd.key'
** Copying '/opt/zimbra/ssl/zimbra/server/server.crt' to '/opt/zimbra/conf/smtpd.crt'
** Copying '/opt/zimbra/ssl/zimbra/server/server.key' to '/opt/zimbra/conf/smtpd.key'
** Installing proxy certificate '/opt/zimbra/conf/nginx.crt' and key '/opt/zimbra/conf/nginx.key'
** Copying '/opt/zimbra/ssl/zimbra/server/server.crt' to '/opt/zimbra/conf/nginx.crt'
** Copying '/opt/zimbra/ssl/zimbra/server/server.key' to '/opt/zimbra/conf/nginx.key'
** NOTE: restart services to use the new certificates.
** Cleaning up 3 files from '/opt/zimbra/conf/ca'
** Removing /opt/zimbra/conf/ca/ca.key
** Removing /opt/zimbra/conf/ca/e9dde4df.0
** Removing /opt/zimbra/conf/ca/ca.pem
** Copying CA to /opt/zimbra/conf/ca
** Copying '/opt/zimbra/ssl/zimbra/ca/ca.key' to '/opt/zimbra/conf/ca/ca.key'
** Copying '/opt/zimbra/ssl/zimbra/ca/ca.pem' to '/opt/zimbra/conf/ca/ca.pem'
** Creating CA hash symlink 'e9dde4df.0' -> 'ca.pem'
Fri Oct  6 09:19:48 2017 done.
Fri Oct  6 09:19:48 2017 checking isEnabled zimbra-ldap
Fri Oct  6 09:19:48 2017 zimbra-ldap is not enabled
Fri Oct  6 09:19:48 2017 checking isEnabled zimbra-ldap
Fri Oct  6 09:19:48 2017 zimbra-ldap is not enabled
Fri Oct  6 09:19:48 2017 Updating ldap user passwords
Fri Oct  6 09:19:48 2017 Skipping update of unchanged value for ldap_root_password=zimbra.
Fri Oct  6 09:19:48 2017 Skipping update of unchanged value for zimbra_ldap_password=zimbra.
Fri Oct  6 09:19:48 2017 Setting local config ldap_replication_password to zimbra
Fri Oct  6 09:19:48 2017 *** Running as zimbra user: /opt/zimbra/bin/zmlocalconfig -f -e ldap_replication_password='zimbra' 2> /dev/null
Fri Oct  6 09:19:49 2017 Setting local config ldap_postfix_password to zimbra
Fri Oct  6 09:19:49 2017 *** Running as zimbra user: /opt/zimbra/bin/zmlocalconfig -f -e ldap_postfix_password='zimbra' 2> /dev/null
Fri Oct  6 09:19:50 2017 Setting local config ldap_amavis_password to zimbra
Fri Oct  6 09:19:50 2017 *** Running as zimbra user: /opt/zimbra/bin/zmlocalconfig -f -e ldap_amavis_password='zimbra' 2> /dev/null
Fri Oct  6 09:19:50 2017 Setting local config ldap_nginx_password to zimbra
Fri Oct  6 09:19:50 2017 *** Running as zimbra user: /opt/zimbra/bin/zmlocalconfig -f -e ldap_nginx_password='zimbra' 2> /dev/null
Fri Oct  6 09:19:51 2017 Setting local config ldap_bes_searcher_password to zimbra
Fri Oct  6 09:19:51 2017 *** Running as zimbra user: /opt/zimbra/bin/zmlocalconfig -f -e ldap_bes_searcher_password='zimbra' 2> /dev/null
Fri Oct  6 09:19:51 2017 Creating server entry for zmc-mailbox...
Fri Oct  6 09:19:53 2017 ERROR: account.NO_SUCH_SERVER (no such server: zmc-mailbox)
Fri Oct  6 09:19:53 2017 *** Running as zimbra user: /opt/zimbra/bin/zmprov -r -m -l cs zmc-mailbox
74dfa591-65e4-4614-947b-9334fdd8c7dc
Fri Oct  6 09:19:56 2017 done.
Fri Oct  6 09:19:56 2017 Setting Zimbra IP Mode...
Fri Oct  6 09:19:56 2017 Updating cached config attribute for Server zmc-mailbox: zimbraIPMode=ipv4
Fri Oct  6 09:19:56 2017 *** Running as zimbra user: /opt/zimbra/bin/zmprov -r -m -l ms zmc-mailbox  zimbraIPMode 'ipv4'
Fri Oct  6 09:19:58 2017 done.
Fri Oct  6 09:19:58 2017 *** Running as zimbra user: /opt/zimbra/libexec/zmiptool >/dev/null 2>/dev/null
Fri Oct  6 09:20:04 2017 Saving CA in ldap...
Fri Oct  6 09:20:04 2017 *** Running as zimbra user: /opt/zimbra/bin/zmcertmgr deployca
** Importing cert '/opt/zimbra/ssl/zimbra/ca/ca.pem' as 'my_ca' into cacerts '/opt/zimbra/common/lib/jvm/java/jre/lib/security/cacerts'
** NOTE: restart mailboxd to use the imported certificate.
** Cleaning up 3 files from '/opt/zimbra/conf/ca'
** Removing /opt/zimbra/conf/ca/ca.key
** Removing /opt/zimbra/conf/ca/e9dde4df.0
** Removing /opt/zimbra/conf/ca/ca.pem
** Copying CA to /opt/zimbra/conf/ca
** Copying '/opt/zimbra/ssl/zimbra/ca/ca.key' to '/opt/zimbra/conf/ca/ca.key'
** Copying '/opt/zimbra/ssl/zimbra/ca/ca.pem' to '/opt/zimbra/conf/ca/ca.pem'
** Creating CA hash symlink 'e9dde4df.0' -> 'ca.pem'
Fri Oct  6 09:20:05 2017 done.
Fri Oct  6 09:20:05 2017 Saving SSL Certificate in ldap...
Fri Oct  6 09:20:05 2017 *** Running as zimbra user: /opt/zimbra/bin/zmcertmgr savecrt self
** Saving config key 'zimbraSSLCertificate' via zmprov modifyServer zmc-mailbox...ok
** Saving config key 'zimbraSSLPrivateKey' via zmprov modifyServer zmc-mailbox...ok
Fri Oct  6 09:20:11 2017 done.
Fri Oct  6 09:20:11 2017 entering function: gcf zimbraSSLDHParam=/opt/zimbra/conf/dhparam.pem.zcs
Fri Oct  6 09:20:11 2017 Updating cached global config attribute zimbraSSLDHParam=/opt/zimbra/conf/dhparam.pem.zcs
Fri Oct  6 09:20:11 2017 *** Running as zimbra user: /opt/zimbra/bin/zmprov -r -m -l mcf  zimbraSSLDHParam '/opt/zimbra/conf/dhparam.pem.zcs'
Fri Oct  6 09:20:13 2017 checking isEnabled zimbra-store
Fri Oct  6 09:20:13 2017 zimbra-store is enabled
Fri Oct  6 09:20:13 2017 Setting spell check URL...
Fri Oct  6 09:20:13 2017 Updating cached config attribute for Server zmc-mailbox: zimbraSpellCheckURL=http://zmc-mailbox:7780/aspell.php
Fri Oct  6 09:20:13 2017 *** Running as zimbra user: /opt/zimbra/bin/zmprov -r -m -l ms zmc-mailbox  zimbraSpellCheckURL 'http://zmc-mailbox:7780/aspell.php'
Fri Oct  6 09:20:15 2017 done.
Fri Oct  6 09:20:15 2017 Setting service ports on zmc-mailbox...
Fri Oct  6 09:20:15 2017 Updating cached config attribute for Server zmc-mailbox: zimbraImapBindPort=7143
Fri Oct  6 09:20:15 2017 Updating cached config attribute for Server zmc-mailbox: zimbraImapSSLBindPort=7993
Fri Oct  6 09:20:15 2017 Updating cached config attribute for Server zmc-mailbox: zimbraImapProxyBindPort=143
Fri Oct  6 09:20:15 2017 Updating cached config attribute for Server zmc-mailbox: zimbraImapSSLProxyBindPort=993
Fri Oct  6 09:20:15 2017 *** Running as zimbra user: /opt/zimbra/bin/zmprov -r -m -l ms zmc-mailbox  zimbraImapBindPort '7143' zimbraImapSSLBindPort '7993' zimbraImapProxyBindPort '143' zimbraImapSSLProxyBindPort '993'
Fri Oct  6 09:20:17 2017 Updating cached config attribute for Server zmc-mailbox: zimbraPop3BindPort=7110
Fri Oct  6 09:20:17 2017 Updating cached config attribute for Server zmc-mailbox: zimbraPop3SSLBindPort=7995
Fri Oct  6 09:20:17 2017 Updating cached config attribute for Server zmc-mailbox: zimbraPop3ProxyBindPort=110
Fri Oct  6 09:20:17 2017 Updating cached config attribute for Server zmc-mailbox: zimbraPop3SSLProxyBindPort=995
Fri Oct  6 09:20:17 2017 *** Running as zimbra user: /opt/zimbra/bin/zmprov -r -m -l ms zmc-mailbox  zimbraPop3BindPort '7110' zimbraPop3SSLBindPort '7995' zimbraPop3ProxyBindPort '110' zimbraPop3SSLProxyBindPort '995'
Fri Oct  6 09:20:20 2017 Updating cached config attribute for Server zmc-mailbox: zimbraMailPort=8080
Fri Oct  6 09:20:20 2017 Updating cached config attribute for Server zmc-mailbox: zimbraMailSSLPort=8443
Fri Oct  6 09:20:20 2017 Updating cached config attribute for Server zmc-mailbox: zimbraMailProxyPort=80
Fri Oct  6 09:20:20 2017 Updating cached config attribute for Server zmc-mailbox: zimbraMailSSLProxyPort=443
Fri Oct  6 09:20:20 2017 Updating cached config attribute for Server zmc-mailbox: zimbraMailMode=https
Fri Oct  6 09:20:20 2017 *** Running as zimbra user: /opt/zimbra/bin/zmprov -r -m -l ms zmc-mailbox  zimbraMailPort '8080' zimbraMailSSLPort '8443' zimbraMailProxyPort '80' zimbraMailSSLProxyPort '443' zimbraMailMode 'https'
Fri Oct  6 09:20:22 2017 Setting local config zimbra_mail_service_port to 8080
Fri Oct  6 09:20:22 2017 *** Running as zimbra user: /opt/zimbra/bin/zmlocalconfig -f -e zimbra_mail_service_port='8080' 2> /dev/null
Fri Oct  6 09:20:22 2017 done.
Fri Oct  6 09:20:22 2017 checking isEnabled zimbra-store
Fri Oct  6 09:20:22 2017 zimbra-store is enabled
Fri Oct  6 09:20:22 2017 Setting zimbraFeatureTasksEnabled=TRUE...
Fri Oct  6 09:20:22 2017 Updating cached config attribute for COS default: zimbraFeatureTasksEnabled=TRUE
Fri Oct  6 09:20:22 2017 *** Running as zimbra user: /opt/zimbra/bin/zmprov -r -m -l mc default  zimbraFeatureTasksEnabled 'TRUE'
Fri Oct  6 09:20:24 2017 done.
Fri Oct  6 09:20:24 2017 Setting zimbraFeatureBriefcasesEnabled=TRUE...
Fri Oct  6 09:20:24 2017 Updating cached config attribute for COS default: zimbraFeatureBriefcasesEnabled=TRUE
Fri Oct  6 09:20:24 2017 *** Running as zimbra user: /opt/zimbra/bin/zmprov -r -m -l mc default  zimbraFeatureBriefcasesEnabled 'TRUE'
Fri Oct  6 09:20:27 2017 done.
Fri Oct  6 09:20:27 2017 checking isEnabled zimbra-proxy
Fri Oct  6 09:20:27 2017 zimbra-proxy is not enabled
Fri Oct  6 09:20:27 2017 Checking current setting of zimbraReverseProxyAvailableLookupTargets
Fri Oct  6 09:20:29 2017 Returning retrieved global config attribute zimbraReverseProxyAvailableLookupTargets=zmc-mysql
Fri Oct  6 09:20:29 2017 Adding zmc-mailbox to zimbraReverseProxyAvailableLookupTargets
Fri Oct  6 09:20:29 2017 entering function: gcf +zimbraReverseProxyAvailableLookupTargets=zmc-mailbox
Fri Oct  6 09:20:29 2017 Updating cached global config attribute +zimbraReverseProxyAvailableLookupTargets=zmc-mailbox
Fri Oct  6 09:20:29 2017 *** Running as zimbra user: /opt/zimbra/bin/zmprov -r -m -l mcf  +zimbraReverseProxyAvailableLookupTargets 'zmc-mailbox'
Fri Oct  6 09:20:32 2017 entering function: gcf +zimbraReverseProxyUpstreamLoginServers=zmc-mailbox
Fri Oct  6 09:20:32 2017 Updating cached global config attribute +zimbraReverseProxyUpstreamLoginServers=zmc-mailbox
Fri Oct  6 09:20:32 2017 *** Running as zimbra user: /opt/zimbra/bin/zmprov -r -m -l mcf  +zimbraReverseProxyUpstreamLoginServers 'zmc-mailbox'
Fri Oct  6 09:20:34 2017 Updating cached config attribute for Server zmc-mailbox: zimbraReverseProxyLookupTarget=TRUE
Fri Oct  6 09:20:34 2017 *** Running as zimbra user: /opt/zimbra/bin/zmprov -r -m -l ms zmc-mailbox  zimbraReverseProxyLookupTarget 'TRUE'
Fri Oct  6 09:20:36 2017 Updating cached config attribute for Server zmc-mailbox: zimbraMtaAuthTarget=TRUE
Fri Oct  6 09:20:36 2017 *** Running as zimbra user: /opt/zimbra/bin/zmprov -r -m -l ms zmc-mailbox  zimbraMtaAuthTarget 'TRUE'
Fri Oct  6 09:20:39 2017 *** Running as zimbra user: /opt/zimbra/libexec/zmproxyconfig -U -m -e -o -i 7143:143:7993:993 -p 7110:110:7995:995 -H zmc-mailbox
Fri Oct  6 09:20:45 2017 *** Running as zimbra user: /opt/zimbra/libexec/zmproxyconfig -U -w -e -o -a 8080:80:8443:443 -H zmc-mailbox
Fri Oct  6 09:20:56 2017 Returning retrieved server config attribute for zmc-mailbox: zimbraId=74dfa591-65e4-4614-947b-9334fdd8c7dc
Fri Oct  6 09:20:56 2017 entering function: gcf zimbraVersionCheckServer=74dfa591-65e4-4614-947b-9334fdd8c7dc
Fri Oct  6 09:20:56 2017 Updating cached global config attribute zimbraVersionCheckServer=74dfa591-65e4-4614-947b-9334fdd8c7dc
Fri Oct  6 09:20:56 2017 *** Running as zimbra user: /opt/zimbra/bin/zmprov -r -m -l mcf  zimbraVersionCheckServer '74dfa591-65e4-4614-947b-9334fdd8c7dc'
Fri Oct  6 09:20:58 2017 entering function: gcf zimbraVersionCheckSendNotifications=TRUE
Fri Oct  6 09:20:58 2017 Updating cached global config attribute zimbraVersionCheckSendNotifications=TRUE
Fri Oct  6 09:20:58 2017 *** Running as zimbra user: /opt/zimbra/bin/zmprov -r -m -l mcf  zimbraVersionCheckSendNotifications 'TRUE'
Fri Oct  6 09:21:00 2017 entering function: gcf zimbraVersionCheckNotificationEmail=admin@zmc
Fri Oct  6 09:21:00 2017 Updating cached global config attribute zimbraVersionCheckNotificationEmail=admin@zmc
Fri Oct  6 09:21:00 2017 *** Running as zimbra user: /opt/zimbra/bin/zmprov -r -m -l mcf  zimbraVersionCheckNotificationEmail 'admin@zmc'
Fri Oct  6 09:21:02 2017 entering function: gcf zimbraVersionCheckNotificationEmailFrom=admin@zmc
Fri Oct  6 09:21:02 2017 Updating cached global config attribute zimbraVersionCheckNotificationEmailFrom=admin@zmc
Fri Oct  6 09:21:02 2017 *** Running as zimbra user: /opt/zimbra/bin/zmprov -r -m -l mcf  zimbraVersionCheckNotificationEmailFrom 'admin@zmc'
Fri Oct  6 09:21:04 2017 checking isEnabled zimbra-dnscache
Fri Oct  6 09:21:04 2017 zimbra-dnscache is not enabled
Fri Oct  6 09:21:04 2017 checking isEnabled zimbra-ldap
Fri Oct  6 09:21:04 2017 zimbra-ldap is not enabled
Fri Oct  6 09:21:04 2017 checking isEnabled zimbra-mta
Fri Oct  6 09:21:04 2017 zimbra-mta is not enabled
Fri Oct  6 09:21:04 2017 Setting services on zmc-mailbox...
Fri Oct  6 09:21:04 2017 Updating cached config attribute for Server zmc-mailbox: zimbraServiceInstalled=mailbox
Fri Oct  6 09:21:04 2017 Updating cached config attribute for Server zmc-mailbox: zimbraServiceInstalled=imapd
Fri Oct  6 09:21:04 2017 Updating cached config attribute for Server zmc-mailbox: zimbraServiceInstalled=stats
Fri Oct  6 09:21:04 2017 Updating cached config attribute for Server zmc-mailbox: zimbraServiceInstalled=spell
Fri Oct  6 09:21:04 2017 *** Running as zimbra user: /opt/zimbra/bin/zmprov -r -m -l ms zmc-mailbox  zimbraServiceInstalled 'mailbox' zimbraServiceInstalled 'imapd' zimbraServiceInstalled 'stats' zimbraServiceInstalled 'spell'
Fri Oct  6 09:21:06 2017 Updating cached config attribute for Server zmc-mailbox: zimbraServiceEnabled=imapd
Fri Oct  6 09:21:06 2017 Updating cached config attribute for Server zmc-mailbox: zimbraServiceEnabled=spell
Fri Oct  6 09:21:06 2017 Updating cached config attribute for Server zmc-mailbox: zimbraServiceEnabled=stats
Fri Oct  6 09:21:06 2017 Updating cached config attribute for Server zmc-mailbox: zimbraServiceEnabled=service
Fri Oct  6 09:21:06 2017 Updating cached config attribute for Server zmc-mailbox: zimbraServiceEnabled=zimbra
Fri Oct  6 09:21:06 2017 Updating cached config attribute for Server zmc-mailbox: zimbraServiceEnabled=zimbraAdmin
Fri Oct  6 09:21:06 2017 Updating cached config attribute for Server zmc-mailbox: zimbraServiceEnabled=zimlet
Fri Oct  6 09:21:06 2017 Updating cached config attribute for Server zmc-mailbox: zimbraServiceEnabled=mailbox
Fri Oct  6 09:21:06 2017 *** Running as zimbra user: /opt/zimbra/bin/zmprov -r -m -l ms zmc-mailbox  zimbraServiceEnabled 'imapd' zimbraServiceEnabled 'spell' zimbraServiceEnabled 'stats' zimbraServiceEnabled 'service' zimbraServiceEnabled 'zimbra' zimbraServiceEnabled 'zimbraAdmin' zimbraServiceEnabled 'zimlet' zimbraServiceEnabled 'mailbox'
Fri Oct  6 09:21:07 2017 done.
Fri Oct  6 09:21:07 2017 *** Running as zimbra user: /opt/zimbra/libexec/zmiptool >/dev/null 2>/dev/null
Fri Oct  6 09:21:13 2017 checking isEnabled zimbra-store
Fri Oct  6 09:21:13 2017 zimbra-store is enabled
Fri Oct  6 09:21:13 2017 Adding zmc-mailbox to zimbraMailHostPool in default COS...
Fri Oct  6 09:21:13 2017 Returning cached server config attribute for zmc-mailbox: zimbraId=74dfa591-65e4-4614-947b-9334fdd8c7dc
Fri Oct  6 09:21:15 2017 Returning retrieved cos config attribute for default: zimbraMailHostPool=79c180aa-a62d-4558-bd83-0910073f361d
Fri Oct  6 09:21:15 2017 Updating cached config attribute for COS default: zimbraMailHostPool=79c180aa-a62d-4558-bd83-0910073f361d
Fri Oct  6 09:21:15 2017 Updating cached config attribute for COS default: zimbraMailHostPool=74dfa591-65e4-4614-947b-9334fdd8c7dc
Fri Oct  6 09:21:15 2017 *** Running as zimbra user: /opt/zimbra/bin/zmprov -r -m -l mc default  zimbraMailHostPool '79c180aa-a62d-4558-bd83-0910073f361d' zimbraMailHostPool '74dfa591-65e4-4614-947b-9334fdd8c7dc'
Fri Oct  6 09:21:16 2017 done.
Fri Oct  6 09:21:16 2017 checking isEnabled zimbra-ldap
Fri Oct  6 09:21:16 2017 zimbra-ldap is not enabled
Fri Oct  6 09:21:16 2017 checking isEnabled zimbra-store
Fri Oct  6 09:21:16 2017 zimbra-store is enabled
Fri Oct  6 09:21:16 2017 Creating domain zmc...
Fri Oct  6 09:21:18 2017 Returning retrieved domain config attribute for zmc: zimbraId=59bc7af4-f6fd-473e-a75e-892a3aa6cf7c
Fri Oct  6 09:21:18 2017 already exists.
Fri Oct  6 09:21:18 2017 Creating admin account admin@zmc...
Fri Oct  6 09:21:20 2017 Returning retrieved account config attribute for admin@zmc: zimbraId=cc698b76-a8e5-4006-8e4c-dc55727f7f0d
Fri Oct  6 09:21:20 2017 already exists.
Fri Oct  6 09:21:20 2017 Creating root alias...
Fri Oct  6 09:21:20 2017 *** Running as zimbra user: /opt/zimbra/bin/zmprov -r -m -l aaa admin@zmc root@zmc
ERROR: account.ACCOUNT_EXISTS (email address already exists: root@zmc, at DN: uid=root,ou=people,dc=zmc) (cause: com.zimbra.cs.ldap.LdapException$LdapEntryAlreadyExistException entry already exist - unable to create entry: ldap host=zmc-ldap:389: entry already exists)
Fri Oct  6 09:21:22 2017 failed.
Fri Oct  6 09:21:22 2017 Creating postmaster alias...
Fri Oct  6 09:21:22 2017 *** Running as zimbra user: /opt/zimbra/bin/zmprov -r -m -l aaa admin@zmc postmaster@zmc
ERROR: account.ACCOUNT_EXISTS (email address already exists: postmaster@zmc, at DN: uid=postmaster,ou=people,dc=zmc) (cause: com.zimbra.cs.ldap.LdapException$LdapEntryAlreadyExistException entry already exist - unable to create entry: ldap host=zmc-ldap:389: entry already exists)
Fri Oct  6 09:21:24 2017 failed.
Fri Oct  6 09:21:24 2017 checking isEnabled zimbra-store
Fri Oct  6 09:21:24 2017 zimbra-store is enabled
Fri Oct  6 09:21:24 2017 Initializing store sql database...
Fri Oct  6 09:21:24 2017 *** Running as zimbra user: /opt/zimbra/libexec/zmmyinit
* Creating required directories
* Generating mysql config /opt/zimbra/conf/my.cnf
* Creating database in /opt/zimbra/db/data
* Starting mysql server
* Failed to connect to mysql...retrying
* Loading schema /opt/zimbra/db/db.sql
* Loading version from /opt/zimbra/db/versions-init.sql
* Setting random passwd for mysql root user in zimbra localconfig
* Setting random passwd for mysql zimbra user in zimbra localconfig
* Changing mysql root user password
* Changing mysql zimbra user password
* Changed zimbra mysql user password
Fri Oct  6 09:21:53 2017 done.
Fri Oct  6 09:21:53 2017 Setting zimbraSmtpHostname for zmc-mailbox...
Fri Oct  6 09:21:53 2017 Updating cached config attribute for Server zmc-mailbox: +zimbraSmtpHostname=zmc-mta
Fri Oct  6 09:21:53 2017 *** Running as zimbra user: /opt/zimbra/bin/zmprov -r -m -l ms zmc-mailbox  +zimbraSmtpHostname 'zmc-mta'
Fri Oct  6 09:21:55 2017 done.
Fri Oct  6 09:21:55 2017 checking isEnabled zimbra-logger
Fri Oct  6 09:21:55 2017 zimbra-logger is not enabled
Fri Oct  6 09:21:55 2017 checking isEnabled zimbra-snmp
Fri Oct  6 09:21:55 2017 zimbra-snmp not in enabled cache
Fri Oct  6 09:21:55 2017 enabled packages zimbra-mta zimbra-proxy zimbra-imapd zimbra-apache zimbra-dnscache zimbra-spell zimbra-logger zimbra-core zimbra-store zimbra-ldap
Fri Oct  6 09:21:55 2017 Newinstall enabling all installed packages
Fri Oct  6 09:21:55 2017 Enabling zimbra-core
Fri Oct  6 09:21:55 2017 Enabling zimbra-store
Fri Oct  6 09:21:55 2017 Enabling zimbra-apache
Fri Oct  6 09:21:55 2017 Enabling zimbra-spell
Fri Oct  6 09:21:55 2017 Enabling zimbra-imapd
Fri Oct  6 09:21:55 2017 checking isEnabled zimbra-ldap
Fri Oct  6 09:21:55 2017 zimbra-ldap is not enabled
Fri Oct  6 09:21:55 2017 Setting up syslog.conf...
Fri Oct  6 09:21:55 2017 *** Running as root user: /opt/zimbra/libexec/zmsyslogsetup
Unescaped left brace in regex is deprecated, passed through in regex; marked by <-- HERE in m/(^destination mail { <-- HERE  file\("/var/log/mail"\); };)/ at /opt/zimbra/libexec/zmsyslogsetup line 190.
updateRsyslogd: Updating /etc/rsyslog.d/50-default.conf...done.
Fri Oct  6 09:21:59 2017 done.
Fri Oct  6 09:21:59 2017 checking isEnabled zimbra-ldap
Fri Oct  6 09:21:59 2017 zimbra-ldap is not enabled
Fri Oct  6 09:21:59 2017 Setting local config ssl_allow_untrusted_certs to false
Fri Oct  6 09:21:59 2017 *** Running as zimbra user: /opt/zimbra/bin/zmlocalconfig -f -e ssl_allow_untrusted_certs='false' 2> /dev/null
Fri Oct  6 09:21:59 2017 checking isEnabled zimbra-mta
Fri Oct  6 09:21:59 2017 zimbra-mta is not enabled
Fri Oct  6 09:21:59 2017 Updating cached config attribute for Server zmc-mailbox: zimbraServerVersion=8.8.1_GA_1782
Fri Oct  6 09:21:59 2017 *** Running as zimbra user: /opt/zimbra/bin/zmprov -r -m -l ms zmc-mailbox  zimbraServerVersion '8.8.1_GA_1782'
Fri Oct  6 09:22:01 2017 Updating cached config attribute for Server zmc-mailbox: zimbraServerVersionMajor=8
Fri Oct  6 09:22:01 2017 *** Running as zimbra user: /opt/zimbra/bin/zmprov -r -m -l ms zmc-mailbox  zimbraServerVersionMajor '8'
Fri Oct  6 09:22:03 2017 Updating cached config attribute for Server zmc-mailbox: zimbraServerVersionMinor=8
Fri Oct  6 09:22:03 2017 *** Running as zimbra user: /opt/zimbra/bin/zmprov -r -m -l ms zmc-mailbox  zimbraServerVersionMinor '8'
Fri Oct  6 09:22:05 2017 Updating cached config attribute for Server zmc-mailbox: zimbraServerVersionMicro=1
Fri Oct  6 09:22:05 2017 *** Running as zimbra user: /opt/zimbra/bin/zmprov -r -m -l ms zmc-mailbox  zimbraServerVersionMicro '1'
Fri Oct  6 09:22:07 2017 Updating cached config attribute for Server zmc-mailbox: zimbraServerVersionType=GA
Fri Oct  6 09:22:07 2017 *** Running as zimbra user: /opt/zimbra/bin/zmprov -r -m -l ms zmc-mailbox  zimbraServerVersionType 'GA'
Fri Oct  6 09:22:10 2017 Updating cached config attribute for Server zmc-mailbox: zimbraServerVersionBuild=1782
Fri Oct  6 09:22:10 2017 *** Running as zimbra user: /opt/zimbra/bin/zmprov -r -m -l ms zmc-mailbox  zimbraServerVersionBuild '1782'
Fri Oct  6 09:22:12 2017 checking isEnabled zimbra-imapd
Fri Oct  6 09:22:12 2017 zimbra-imapd is enabled
Fri Oct  6 09:22:12 2017 Enabling IMAP protocol for zimbra-imapd service...
Fri Oct  6 09:22:12 2017 *** Running as zimbra user: /opt/zimbra/bin/zmprov -r -m -l mcf zimbraRemoteImapServerEnabled TRUE
Fri Oct  6 09:22:14 2017 done.
Fri Oct  6 09:22:14 2017 Enabling IMAPS protocol for zimbra-imapd service...
Fri Oct  6 09:22:14 2017 *** Running as zimbra user: /opt/zimbra/bin/zmprov -r -m -l mcf zimbraRemoteImapSSLServerEnabled TRUE
Fri Oct  6 09:22:16 2017 done.
Fri Oct  6 09:22:16 2017 checking isEnabled zimbra-store
Fri Oct  6 09:22:16 2017 zimbra-store is enabled
Fri Oct  6 09:22:16 2017 Disabling zimbraNetworkModulesNGEnabled 
Fri Oct  6 09:22:16 2017 Updating cached config attribute for Server zmc-mailbox: zimbraNetworkModulesNGEnabled=FALSE
Fri Oct  6 09:22:16 2017 *** Running as zimbra user: /opt/zimbra/bin/zmprov -r -m -l ms zmc-mailbox  zimbraNetworkModulesNGEnabled 'FALSE'
Fri Oct  6 09:22:18 2017 Disabling zimbraNetworkMobileNGEnabled 
Fri Oct  6 09:22:18 2017 Updating cached config attribute for Server zmc-mailbox: zimbraNetworkMobileNGEnabled=FALSE
Fri Oct  6 09:22:18 2017 *** Running as zimbra user: /opt/zimbra/bin/zmprov -r -m -l ms zmc-mailbox  zimbraNetworkMobileNGEnabled 'FALSE'
Fri Oct  6 09:22:20 2017 Starting servers...
Fri Oct  6 09:22:20 2017 *** Running as zimbra user: /opt/zimbra/bin/zmcontrol stop
Host zmc-mailbox
	Stopping zmconfigd...Done.
	Stopping imapd...Done.
	Stopping zimlet webapp...Done.
	Stopping zimbraAdmin webapp...Done.
	Stopping zimbra webapp...Done.
	Stopping service webapp...Done.
	Stopping stats...Done.
	Stopping spell...Done.
	Stopping snmp...Done.
	Stopping cbpolicyd...Done.
	Stopping archiving...Done.
	Stopping opendkim...Done.
	Stopping amavis...Done.
	Stopping antivirus...Done.
	Stopping antispam...Done.
	Stopping proxy...Done.
	Stopping memcached...Done.
	Stopping mailbox...Done.
	Stopping logger...Done.
	Stopping dnscache...Done.
Fri Oct  6 09:22:28 2017 *** Running as zimbra user: /opt/zimbra/bin/zmcontrol start
Host zmc-mailbox
	Starting zmconfigd...Done.
	Starting mailbox...Done.
	Starting spell...Done.
	Starting stats...Done.
	Starting service webapp...Done.
	Starting zimbra webapp...Done.
	Starting zimbraAdmin webapp...Done.
	Starting zimlet webapp...Done.
	Starting imapd...Done.
Fri Oct  6 09:22:52 2017 done.
Fri Oct  6 09:22:52 2017 checking isEnabled zimbra-store
Fri Oct  6 09:22:52 2017 zimbra-store is enabled
Fri Oct  6 09:22:52 2017 Getting local config zimlet_directory
Fri Oct  6 09:22:53 2017 Getting local config zimlet_properties_directory
Fri Oct  6 09:22:54 2017 Installing common zimlets...
Fri Oct  6 09:22:54 2017 	com_zimbra_attachcontacts...
Fri Oct  6 09:22:54 2017 *** Running as zimbra user: /opt/zimbra/bin/zmzimletctl -l deploy zimlets/com_zimbra_attachcontacts.zip
[] WARN: Zimlet not found: /opt/zimbra/zimlets-deployed/com_zimbra_attachcontacts
[] INFO: Deploying Zimlet com_zimbra_attachcontacts in LDAP.
[] INFO: Installing Zimlet com_zimbra_attachcontacts on this host.
Fri Oct  6 09:22:57 2017 Updating cached config attribute for COS default: +zimbraZimletAvailableZimlets=!com_zimbra_attachcontacts
Fri Oct  6 09:22:57 2017 *** Running as zimbra user: /opt/zimbra/bin/zmprov -r -m -l mc default  +zimbraZimletAvailableZimlets '!com_zimbra_attachcontacts'
Fri Oct  6 09:23:01 2017 done.
Fri Oct  6 09:23:01 2017 	com_zimbra_adminversioncheck...
Fri Oct  6 09:23:01 2017 *** Running as zimbra user: /opt/zimbra/bin/zmzimletctl -l deploy zimlets/com_zimbra_adminversioncheck.zip
[] WARN: Zimlet not found: /opt/zimbra/zimlets-deployed/com_zimbra_adminversioncheck
[] INFO: Deploying Zimlet com_zimbra_adminversioncheck in LDAP.
[] INFO: Installing Zimlet com_zimbra_adminversioncheck on this host.
Fri Oct  6 09:23:06 2017 done.
Fri Oct  6 09:23:06 2017 	com_zimbra_bulkprovision...
Fri Oct  6 09:23:06 2017 *** Running as zimbra user: /opt/zimbra/bin/zmzimletctl -l deploy zimlets/com_zimbra_bulkprovision.zip
[] WARN: Zimlet not found: /opt/zimbra/zimlets-deployed/com_zimbra_bulkprovision
[] INFO: Deploying Zimlet com_zimbra_bulkprovision in LDAP.
[] INFO: Installing Zimlet com_zimbra_bulkprovision on this host.
Fri Oct  6 09:23:09 2017 done.
Fri Oct  6 09:23:09 2017 	com_zimbra_ymemoticons...
Fri Oct  6 09:23:09 2017 *** Running as zimbra user: /opt/zimbra/bin/zmzimletctl -l deploy zimlets/com_zimbra_ymemoticons.zip
[] WARN: Zimlet not found: /opt/zimbra/zimlets-deployed/com_zimbra_ymemoticons
[] INFO: Deploying Zimlet com_zimbra_ymemoticons in LDAP.
[] INFO: Installing Zimlet com_zimbra_ymemoticons on this host.
Fri Oct  6 09:23:11 2017 done.
Fri Oct  6 09:23:11 2017 	com_zimbra_proxy_config...
Fri Oct  6 09:23:11 2017 *** Running as zimbra user: /opt/zimbra/bin/zmzimletctl -l deploy zimlets/com_zimbra_proxy_config.zip
[] WARN: Zimlet not found: /opt/zimbra/zimlets-deployed/com_zimbra_proxy_config
[] INFO: Deploying Zimlet com_zimbra_proxy_config in LDAP.
[] INFO: Installing Zimlet com_zimbra_proxy_config on this host.
Fri Oct  6 09:23:13 2017 done.
Fri Oct  6 09:23:13 2017 	com_zimbra_mailarchive...
Fri Oct  6 09:23:13 2017 *** Running as zimbra user: /opt/zimbra/bin/zmzimletctl -l deploy zimlets/com_zimbra_mailarchive.zip
[] WARN: Zimlet not found: /opt/zimbra/zimlets-deployed/com_zimbra_mailarchive
[] INFO: Deploying Zimlet com_zimbra_mailarchive in LDAP.
[] INFO: Installing Zimlet com_zimbra_mailarchive on this host.
Fri Oct  6 09:23:15 2017 done.
Fri Oct  6 09:23:15 2017 	com_zimbra_date...
Fri Oct  6 09:23:15 2017 *** Running as zimbra user: /opt/zimbra/bin/zmzimletctl -l deploy zimlets/com_zimbra_date.zip
[] WARN: Zimlet not found: /opt/zimbra/zimlets-deployed/com_zimbra_date
[] INFO: Deploying Zimlet com_zimbra_date in LDAP.
[] INFO: Installing Zimlet com_zimbra_date on this host.
Fri Oct  6 09:23:17 2017 Updating cached config attribute for COS default: +zimbraZimletAvailableZimlets=!com_zimbra_date
Fri Oct  6 09:23:17 2017 *** Running as zimbra user: /opt/zimbra/bin/zmprov -r -m -l mc default  +zimbraZimletAvailableZimlets '!com_zimbra_date'
Fri Oct  6 09:23:19 2017 done.
Fri Oct  6 09:23:19 2017 	com_zimbra_webex...
Fri Oct  6 09:23:19 2017 *** Running as zimbra user: /opt/zimbra/bin/zmzimletctl -l deploy zimlets/com_zimbra_webex.zip
[] WARN: Zimlet not found: /opt/zimbra/zimlets-deployed/com_zimbra_webex
[] INFO: Deploying Zimlet com_zimbra_webex in LDAP.
[] INFO: Installing Zimlet com_zimbra_webex on this host.
Fri Oct  6 09:23:21 2017 done.
Fri Oct  6 09:23:21 2017 	com_zimbra_tooltip...
Fri Oct  6 09:23:21 2017 *** Running as zimbra user: /opt/zimbra/bin/zmzimletctl -l deploy zimlets/com_zimbra_tooltip.zip
[] WARN: Zimlet not found: /opt/zimbra/zimlets-deployed/com_zimbra_tooltip
[] INFO: Deploying Zimlet com_zimbra_tooltip in LDAP.
[] INFO: Installing Zimlet com_zimbra_tooltip on this host.
Fri Oct  6 09:23:23 2017 done.
Fri Oct  6 09:23:23 2017 	com_zimbra_phone...
Fri Oct  6 09:23:23 2017 *** Running as zimbra user: /opt/zimbra/bin/zmzimletctl -l deploy zimlets/com_zimbra_phone.zip
[] WARN: Zimlet not found: /opt/zimbra/zimlets-deployed/com_zimbra_phone
[] INFO: Deploying Zimlet com_zimbra_phone in LDAP.
[] INFO: Installing Zimlet com_zimbra_phone on this host.
Fri Oct  6 09:23:25 2017 done.
Fri Oct  6 09:23:25 2017 	com_zimbra_email...
Fri Oct  6 09:23:25 2017 *** Running as zimbra user: /opt/zimbra/bin/zmzimletctl -l deploy zimlets/com_zimbra_email.zip
[] WARN: Zimlet not found: /opt/zimbra/zimlets-deployed/com_zimbra_email
[] INFO: Deploying Zimlet com_zimbra_email in LDAP.
[] INFO: Installing Zimlet com_zimbra_email on this host.
Fri Oct  6 09:23:26 2017 Updating cached config attribute for COS default: +zimbraZimletAvailableZimlets=!com_zimbra_email
Fri Oct  6 09:23:26 2017 *** Running as zimbra user: /opt/zimbra/bin/zmprov -r -m -l mc default  +zimbraZimletAvailableZimlets '!com_zimbra_email'
Fri Oct  6 09:23:29 2017 done.
Fri Oct  6 09:23:29 2017 	com_zimbra_viewmail...
Fri Oct  6 09:23:29 2017 *** Running as zimbra user: /opt/zimbra/bin/zmzimletctl -l deploy zimlets/com_zimbra_viewmail.zip
[] WARN: Zimlet not found: /opt/zimbra/zimlets-deployed/com_zimbra_viewmail
[] INFO: Deploying Zimlet com_zimbra_viewmail in LDAP.
[] INFO: Installing Zimlet com_zimbra_viewmail on this host.
Fri Oct  6 09:23:31 2017 done.
Fri Oct  6 09:23:31 2017 	com_zimbra_cert_manager...
Fri Oct  6 09:23:31 2017 *** Running as zimbra user: /opt/zimbra/bin/zmzimletctl -l deploy zimlets/com_zimbra_cert_manager.zip
[] WARN: Zimlet not found: /opt/zimbra/zimlets-deployed/com_zimbra_cert_manager
[] INFO: Deploying Zimlet com_zimbra_cert_manager in LDAP.
[] INFO: Installing Zimlet com_zimbra_cert_manager on this host.
Fri Oct  6 09:23:33 2017 done.
Fri Oct  6 09:23:33 2017 	com_zimbra_attachmail...
Fri Oct  6 09:23:33 2017 *** Running as zimbra user: /opt/zimbra/bin/zmzimletctl -l deploy zimlets/com_zimbra_attachmail.zip
[] WARN: Zimlet not found: /opt/zimbra/zimlets-deployed/com_zimbra_attachmail
[] INFO: Deploying Zimlet com_zimbra_attachmail in LDAP.
[] INFO: Installing Zimlet com_zimbra_attachmail on this host.
Fri Oct  6 09:23:35 2017 Updating cached config attribute for COS default: +zimbraZimletAvailableZimlets=!com_zimbra_attachmail
Fri Oct  6 09:23:35 2017 *** Running as zimbra user: /opt/zimbra/bin/zmprov -r -m -l mc default  +zimbraZimletAvailableZimlets '!com_zimbra_attachmail'
Fri Oct  6 09:23:37 2017 done.
Fri Oct  6 09:23:37 2017 	com_zimbra_srchhighlighter...
Fri Oct  6 09:23:37 2017 *** Running as zimbra user: /opt/zimbra/bin/zmzimletctl -l deploy zimlets/com_zimbra_srchhighlighter.zip
[] WARN: Zimlet not found: /opt/zimbra/zimlets-deployed/com_zimbra_srchhighlighter
[] INFO: Deploying Zimlet com_zimbra_srchhighlighter in LDAP.
[] INFO: Installing Zimlet com_zimbra_srchhighlighter on this host.
Fri Oct  6 09:23:39 2017 done.
Fri Oct  6 09:23:39 2017 	com_zimbra_clientuploader...
Fri Oct  6 09:23:39 2017 *** Running as zimbra user: /opt/zimbra/bin/zmzimletctl -l deploy zimlets/com_zimbra_clientuploader.zip
[] WARN: Zimlet not found: /opt/zimbra/zimlets-deployed/com_zimbra_clientuploader
[] INFO: Deploying Zimlet com_zimbra_clientuploader in LDAP.
[] INFO: Installing Zimlet com_zimbra_clientuploader on this host.
Fri Oct  6 09:23:41 2017 done.
Fri Oct  6 09:23:41 2017 	com_zimbra_url...
Fri Oct  6 09:23:41 2017 *** Running as zimbra user: /opt/zimbra/bin/zmzimletctl -l deploy zimlets/com_zimbra_url.zip
[] WARN: Zimlet not found: /opt/zimbra/zimlets-deployed/com_zimbra_url
[] INFO: Deploying Zimlet com_zimbra_url in LDAP.
[] INFO: Installing Zimlet com_zimbra_url on this host.
Fri Oct  6 09:23:43 2017 Updating cached config attribute for COS default: +zimbraZimletAvailableZimlets=!com_zimbra_url
Fri Oct  6 09:23:43 2017 *** Running as zimbra user: /opt/zimbra/bin/zmprov -r -m -l mc default  +zimbraZimletAvailableZimlets '!com_zimbra_url'
Fri Oct  6 09:23:45 2017 done.
Fri Oct  6 09:23:45 2017 Finished installing common zimlets.
Fri Oct  6 09:23:45 2017 Restarting mailboxd...
Fri Oct  6 09:23:45 2017 *** Running as zimbra user: /opt/zimbra/bin/zmmailboxdctl restart
Stopping mailboxd...done.
Starting mailboxd...done.
Fri Oct  6 09:24:01 2017 done.
Fri Oct  6 09:24:01 2017 checking isEnabled zimbra-store
Fri Oct  6 09:24:01 2017 zimbra-store is enabled
Fri Oct  6 09:24:01 2017 Creating galsync account for default domain...
Fri Oct  6 09:24:02 2017 *** Running as zimbra user: /opt/zimbra/bin/zmgsautil createAccount -a galsync.iofghbjce@zmc -n InternalGAL --domain zmc -s zmc-mailbox -t zimbra -f _InternalGAL
galsync.iofghbjce@zmc	8ceee3b4-2977-4181-a97e-709515b969a2
Fri Oct  6 09:24:23 2017 done.
Fri Oct  6 09:24:23 2017 Setting up zimbra crontab...
Fri Oct  6 09:24:23 2017 crontab: Taking a copy of zimbra user crontab file.
Fri Oct  6 09:24:23 2017 crontab: Looking for ZIMBRASTART in existing crontab entry.
Fri Oct  6 09:24:23 2017 crontab: ZIMBRASTART not found truncating zimbra crontab and starting fresh.
Fri Oct  6 09:24:23 2017 crontab: Looking for ZIMBRAEND in existing crontab entry.
Fri Oct  6 09:24:23 2017 crontab: ZIMBRAEND not found truncating zimbra crontab and starting fresh.
Fri Oct  6 09:24:23 2017 crontab: Getting existing backup and custom entries from crontab file.
Fri Oct  6 09:24:23 2017 crontab: Adding zimbra-core specific crontab entries
Fri Oct  6 09:24:23 2017 checking isEnabled zimbra-ldap
Fri Oct  6 09:24:23 2017 zimbra-ldap is not enabled
Fri Oct  6 09:24:23 2017 checking isEnabled zimbra-store
Fri Oct  6 09:24:23 2017 zimbra-store is enabled
Fri Oct  6 09:24:23 2017 crontab: Adding zimbra-store specific crontab entries
Fri Oct  6 09:24:23 2017 checking isEnabled zimbra-logger
Fri Oct  6 09:24:23 2017 zimbra-logger is not enabled
Fri Oct  6 09:24:23 2017 checking isEnabled zimbra-mta
Fri Oct  6 09:24:23 2017 zimbra-mta is not enabled
Fri Oct  6 09:24:23 2017 crontab: adding backup block
Fri Oct  6 09:24:23 2017 crontab: Adding backup and custom entries to crontab.
Fri Oct  6 09:24:23 2017 crontab: installing new crontab
Fri Oct  6 09:24:23 2017 done.
Fri Oct  6 09:24:23 2017 *** Running as zimbra user: /opt/zimbra/bin/zmsshkeygen
Generating public/private rsa key pair.
Your identification has been saved in /opt/zimbra/.ssh/zimbra_identity.
Your public key has been saved in /opt/zimbra/.ssh/zimbra_identity.pub.
The key fingerprint is:
SHA256:RKPR8gzgi+s2fStJ9KTXx9wa5RL/WkTTN+YwupBVcjM zmc-mailbox
The key's randomart image is:
+---[RSA 2048]----+
|    ....o  . E   |
|   .  o+..  + o. |
|    . .=.  . oooo|
|   .....o + o.=.o|
|  ...+ .S= B  .. |
|   .o o . B =.   |
|  .o o   . = ..  |
| .o + .   .  ..  |
| ... o..    ..   |
+----[SHA256]-----+
Fri Oct  6 09:24:26 2017 *** Running as zimbra user: /opt/zimbra/bin/zmupdateauthkeys
Updating keys for zmc-ldap
Fetching key for zmc-ldap
Updating keys for zmc-ldap
Updating keys for zmc-mailbox
Fetching key for zmc-mailbox
Updating keys for zmc-mailbox
Updating keys for zmc-mta
Fetching key for zmc-mta
Updating keys for zmc-mta
Updating keys for zmc-mysql
Fetching key for zmc-mysql
Updating keys for zmc-mysql
Updating /opt/zimbra/.ssh/authorized_keys
Fri Oct  6 09:24:36 2017 checking isEnabled zimbra-ldap
Fri Oct  6 09:24:36 2017 zimbra-ldap is not enabled
Fri Oct  6 09:24:36 2017 checking isEnabled zimbra-store
Fri Oct  6 09:24:36 2017 zimbra-store is enabled
Fri Oct  6 09:24:36 2017 checking isEnabled zimbra-logger
Fri Oct  6 09:24:36 2017 zimbra-logger is not enabled
Fri Oct  6 09:24:36 2017 checking isEnabled zimbra-mta
Fri Oct  6 09:24:36 2017 zimbra-mta is not enabled
Fri Oct  6 09:24:36 2017 

Fri Oct  6 09:24:36 2017 Moving /tmp/zmsetup.20171006-091909.log to /opt/zimbra/log
Fri Oct  6 09:24:36 2017 

Fri Oct  6 09:24:36 2017 Skipping update of unchanged value for zimbraServerVersion=8.8.1_GA_1782.
Fri Oct  6 09:24:36 2017 Skipping update of unchanged value for zimbraServerVersionMajor=8.
Fri Oct  6 09:24:36 2017 Skipping update of unchanged value for zimbraServerVersionMinor=8.
Fri Oct  6 09:24:36 2017 Skipping update of unchanged value for zimbraServerVersionMicro=1.
Fri Oct  6 09:24:36 2017 Skipping update of unchanged value for zimbraServerVersionType=GA.
Fri Oct  6 09:24:36 2017 Skipping update of unchanged value for zimbraServerVersionBuild=1782.
Fri Oct  6 09:24:36 2017 Moving /tmp/zmsetup.20171006-091909.log to /opt/zimbra/log
