Fri Oct  6 09:12:09 2017 Operations logged to /tmp/zmsetup.20171006-091209.log
Fri Oct  6 09:12:09 2017 Getting installed packages
Fri Oct  6 09:12:11 2017 checking isEnabled zimbra-core
Fri Oct  6 09:12:11 2017 zimbra-core not in enabled cache
Fri Oct  6 09:12:11 2017 enabled packages 
Fri Oct  6 09:12:11 2017 Newinstall enabling all installed packages
Fri Oct  6 09:12:11 2017 Enabling zimbra-core
Fri Oct  6 09:12:11 2017 Enabling zimbra-mta
Fri Oct  6 09:12:11 2017 Determining installed web applications
Fri Oct  6 09:12:11 2017 Setting defaults...
Fri Oct  6 09:12:11 2017 Setting local config zimbra_java_home to /opt/zimbra/common/lib/jvm/java
Fri Oct  6 09:12:11 2017 *** Running as zimbra user: /opt/zimbra/bin/zmlocalconfig -f -e zimbra_java_home='/opt/zimbra/common/lib/jvm/java' 2> /dev/null
Fri Oct  6 09:12:15 2017 checking isEnabled zimbra-dnscache
Fri Oct  6 09:12:15 2017 zimbra-dnscache not in enabled cache
Fri Oct  6 09:12:15 2017 enabled packages zimbra-core zimbra-mta
Fri Oct  6 09:12:15 2017 Newinstall enabling all installed packages
Fri Oct  6 09:12:15 2017 Enabling zimbra-core
Fri Oct  6 09:12:15 2017 Enabling zimbra-mta
Fri Oct  6 09:12:15 2017 checking isEnabled zimbra-store
Fri Oct  6 09:12:15 2017 zimbra-store not in enabled cache
Fri Oct  6 09:12:15 2017 enabled packages zimbra-core zimbra-dnscache zimbra-mta
Fri Oct  6 09:12:15 2017 Newinstall enabling all installed packages
Fri Oct  6 09:12:15 2017 Enabling zimbra-core
Fri Oct  6 09:12:15 2017 Enabling zimbra-mta
Fri Oct  6 09:12:16 2017 checking isEnabled zimbra-imapd
Fri Oct  6 09:12:16 2017 zimbra-imapd not in enabled cache
Fri Oct  6 09:12:16 2017 enabled packages zimbra-store zimbra-mta zimbra-dnscache zimbra-core
Fri Oct  6 09:12:16 2017 Newinstall enabling all installed packages
Fri Oct  6 09:12:16 2017 Enabling zimbra-core
Fri Oct  6 09:12:17 2017 Enabling zimbra-mta
Fri Oct  6 09:12:17 2017 checking isEnabled zimbra-ldap
Fri Oct  6 09:12:17 2017 zimbra-ldap not in enabled cache
Fri Oct  6 09:12:17 2017 enabled packages zimbra-core zimbra-imapd zimbra-dnscache zimbra-store zimbra-mta
Fri Oct  6 09:12:17 2017 Newinstall enabling all installed packages
Fri Oct  6 09:12:17 2017 Enabling zimbra-core
Fri Oct  6 09:12:17 2017 Enabling zimbra-mta
Fri Oct  6 09:12:18 2017 checking isEnabled zimbra-store
Fri Oct  6 09:12:18 2017 zimbra-store is not enabled
Fri Oct  6 09:12:18 2017 Local timezone detected as UTC
Fri Oct  6 09:12:18 2017 Default Olson timezone name UTC
Fri Oct  6 09:12:18 2017 checking isEnabled zimbra-store
Fri Oct  6 09:12:18 2017 zimbra-store is not enabled
Fri Oct  6 09:12:18 2017 checking isEnabled zimbra-mta
Fri Oct  6 09:12:18 2017 zimbra-mta is enabled
Fri Oct  6 09:12:18 2017 done.
Fri Oct  6 09:12:18 2017 checking isEnabled zimbra-ldap
Fri Oct  6 09:12:18 2017 zimbra-ldap is not enabled
Fri Oct  6 09:12:18 2017 checking isEnabled zimbra-store
Fri Oct  6 09:12:18 2017 zimbra-store is not enabled
Fri Oct  6 09:12:18 2017 checking isEnabled zimbra-mta
Fri Oct  6 09:12:18 2017 zimbra-mta is enabled
Fri Oct  6 09:12:18 2017 checking isEnabled zimbra-core
Fri Oct  6 09:12:18 2017 zimbra-core is enabled
Fri Oct  6 09:12:18 2017 checking isEnabled zimbra-spell
Fri Oct  6 09:12:18 2017 zimbra-spell not in enabled cache
Fri Oct  6 09:12:18 2017 enabled packages zimbra-dnscache zimbra-ldap zimbra-store zimbra-mta zimbra-core zimbra-imapd
Fri Oct  6 09:12:18 2017 Newinstall enabling all installed packages
Fri Oct  6 09:12:18 2017 Enabling zimbra-core
Fri Oct  6 09:12:18 2017 Enabling zimbra-mta
Fri Oct  6 09:12:19 2017 Checking for port conflicts
Fri Oct  6 09:12:19 2017 checking isEnabled zimbra-ldap
Fri Oct  6 09:12:19 2017 zimbra-ldap is not enabled
Fri Oct  6 09:12:19 2017 checking isEnabled zimbra-store
Fri Oct  6 09:12:19 2017 zimbra-store is not enabled
Fri Oct  6 09:12:19 2017 checking isEnabled zimbra-logger
Fri Oct  6 09:12:19 2017 zimbra-logger not in enabled cache
Fri Oct  6 09:12:19 2017 enabled packages zimbra-dnscache zimbra-store zimbra-mta zimbra-ldap zimbra-spell zimbra-core zimbra-imapd
Fri Oct  6 09:12:19 2017 Newinstall enabling all installed packages
Fri Oct  6 09:12:19 2017 Enabling zimbra-core
Fri Oct  6 09:12:19 2017 Enabling zimbra-mta
Fri Oct  6 09:12:19 2017 checking isEnabled zimbra-mta
Fri Oct  6 09:12:19 2017 zimbra-mta is enabled
Fri Oct  6 09:12:19 2017 ldap configuration not complete
Fri Oct  6 09:12:19 2017 Saving config in /opt/zimbra/config.35...
Fri Oct  6 09:12:19 2017 done.
Fri Oct  6 09:12:19 2017 Operations logged to /tmp/zmsetup.20171006-091209.log
Fri Oct  6 09:12:19 2017 checking isEnabled zimbra-store
Fri Oct  6 09:12:19 2017 zimbra-store is not enabled
Fri Oct  6 09:12:19 2017 Setting local config values...
Fri Oct  6 09:12:19 2017 Setting local config zimbra_server_hostname to zmc-mta
Fri Oct  6 09:12:19 2017 *** Running as zimbra user: /opt/zimbra/bin/zmlocalconfig -f -e zimbra_server_hostname='zmc-mta' 2> /dev/null
Fri Oct  6 09:12:20 2017 Setting local config zimbra_require_interprocess_security to 1
Fri Oct  6 09:12:20 2017 *** Running as zimbra user: /opt/zimbra/bin/zmlocalconfig -f -e zimbra_require_interprocess_security='1' 2> /dev/null
Fri Oct  6 09:12:21 2017 Setting local config ldap_master_url to ldap://zmc-ldap:389
Fri Oct  6 09:12:21 2017 *** Running as zimbra user: /opt/zimbra/bin/zmlocalconfig -f -e ldap_master_url='ldap://zmc-ldap:389' 2> /dev/null
Fri Oct  6 09:12:21 2017 Setting local config ldap_url to ldap://zmc-ldap:389
Fri Oct  6 09:12:21 2017 *** Running as zimbra user: /opt/zimbra/bin/zmlocalconfig -f -e ldap_url='ldap://zmc-ldap:389' 2> /dev/null
Fri Oct  6 09:12:23 2017 Setting local config ldap_starttls_supported to 1
Fri Oct  6 09:12:23 2017 *** Running as zimbra user: /opt/zimbra/bin/zmlocalconfig -f -e ldap_starttls_supported='1' 2> /dev/null
Fri Oct  6 09:12:24 2017 checking isEnabled zimbra-store
Fri Oct  6 09:12:24 2017 zimbra-store is not enabled
Fri Oct  6 09:12:24 2017 Setting local config zimbra_zmprov_default_to_ldap to true
Fri Oct  6 09:12:24 2017 *** Running as zimbra user: /opt/zimbra/bin/zmlocalconfig -f -e zimbra_zmprov_default_to_ldap='true' 2> /dev/null
Fri Oct  6 09:12:25 2017 Setting local config ldap_port to 389
Fri Oct  6 09:12:25 2017 *** Running as zimbra user: /opt/zimbra/bin/zmlocalconfig -f -e ldap_port='389' 2> /dev/null
Fri Oct  6 09:12:27 2017 Setting local config ldap_host to zmc-ldap
Fri Oct  6 09:12:27 2017 *** Running as zimbra user: /opt/zimbra/bin/zmlocalconfig -f -e ldap_host='zmc-ldap' 2> /dev/null
Fri Oct  6 09:12:28 2017 Setting local config zimbra_uid to 999
Fri Oct  6 09:12:28 2017 *** Running as zimbra user: /opt/zimbra/bin/zmlocalconfig -f -e zimbra_uid='999' 2> /dev/null
Fri Oct  6 09:12:29 2017 Setting local config zimbra_gid to 999
Fri Oct  6 09:12:29 2017 *** Running as zimbra user: /opt/zimbra/bin/zmlocalconfig -f -e zimbra_gid='999' 2> /dev/null
Fri Oct  6 09:12:30 2017 Setting local config zimbra_user to zimbra
Fri Oct  6 09:12:30 2017 *** Running as zimbra user: /opt/zimbra/bin/zmlocalconfig -f -e zimbra_user='zimbra' 2> /dev/null
Fri Oct  6 09:12:31 2017 Setting local config av_notify_user to admin@zmc
Fri Oct  6 09:12:31 2017 *** Running as zimbra user: /opt/zimbra/bin/zmlocalconfig -f -e av_notify_user='admin@zmc' 2> /dev/null
Fri Oct  6 09:12:32 2017 Setting local config av_notify_domain to zmc
Fri Oct  6 09:12:32 2017 *** Running as zimbra user: /opt/zimbra/bin/zmlocalconfig -f -e av_notify_domain='zmc' 2> /dev/null
Fri Oct  6 09:12:33 2017 Setting local config ssl_allow_untrusted_certs to true
Fri Oct  6 09:12:33 2017 *** Running as zimbra user: /opt/zimbra/bin/zmlocalconfig -f -e ssl_allow_untrusted_certs='true' 2> /dev/null
Fri Oct  6 09:12:33 2017 Setting local config ssl_allow_mismatched_certs to true
Fri Oct  6 09:12:33 2017 *** Running as zimbra user: /opt/zimbra/bin/zmlocalconfig -f -e ssl_allow_mismatched_certs='true' 2> /dev/null
Fri Oct  6 09:12:34 2017 Setting local config ssl_default_digest to sha256
Fri Oct  6 09:12:34 2017 *** Running as zimbra user: /opt/zimbra/bin/zmlocalconfig -f -e ssl_default_digest='sha256' 2> /dev/null
Fri Oct  6 09:12:34 2017 Setting local config mailboxd_java_heap_size to 512
Fri Oct  6 09:12:34 2017 *** Running as zimbra user: /opt/zimbra/bin/zmlocalconfig -f -e mailboxd_java_heap_size='512' 2> /dev/null
Fri Oct  6 09:12:35 2017 Setting local config mailboxd_directory to /opt/zimbra/mailboxd
Fri Oct  6 09:12:35 2017 *** Running as zimbra user: /opt/zimbra/bin/zmlocalconfig -f -e mailboxd_directory='/opt/zimbra/mailboxd' 2> /dev/null
Fri Oct  6 09:12:36 2017 Setting local config mailboxd_keystore to /opt/zimbra/conf/keystore
Fri Oct  6 09:12:36 2017 *** Running as zimbra user: /opt/zimbra/bin/zmlocalconfig -f -e mailboxd_keystore='/opt/zimbra/conf/keystore' 2> /dev/null
Fri Oct  6 09:12:37 2017 Setting local config mailboxd_server to 
Fri Oct  6 09:12:37 2017 *** Running as zimbra user: /opt/zimbra/bin/zmlocalconfig -f -e mailboxd_server='' 2> /dev/null
Fri Oct  6 09:12:37 2017 Setting local config mailboxd_truststore to /opt/zimbra/common/lib/jvm/java/jre/lib/security/cacerts
Fri Oct  6 09:12:37 2017 *** Running as zimbra user: /opt/zimbra/bin/zmlocalconfig -f -e mailboxd_truststore='/opt/zimbra/common/lib/jvm/java/jre/lib/security/cacerts' 2> /dev/null
Fri Oct  6 09:12:38 2017 Setting local config mailboxd_truststore_password to changeit
Fri Oct  6 09:12:38 2017 *** Running as zimbra user: /opt/zimbra/bin/zmlocalconfig -f -e mailboxd_truststore_password='changeit' 2> /dev/null
Fri Oct  6 09:12:38 2017 Setting local config mailboxd_keystore_password to zimbra
Fri Oct  6 09:12:38 2017 *** Running as zimbra user: /opt/zimbra/bin/zmlocalconfig -f -e mailboxd_keystore_password='zimbra' 2> /dev/null
Fri Oct  6 09:12:39 2017 Setting local config zimbra_ldap_userdn to uid=zimbra,cn=admins,cn=zimbra
Fri Oct  6 09:12:39 2017 *** Running as zimbra user: /opt/zimbra/bin/zmlocalconfig -f -e zimbra_ldap_userdn='uid=zimbra,cn=admins,cn=zimbra' 2> /dev/null
Fri Oct  6 09:12:40 2017 done.
Fri Oct  6 09:12:40 2017 checking isEnabled zimbra-core
Fri Oct  6 09:12:40 2017 zimbra-core is enabled
Fri Oct  6 09:12:40 2017 Initializing core config...
Fri Oct  6 09:12:40 2017 Updating ldap_root_password and zimbra_ldap_password...
Fri Oct  6 09:12:40 2017 Setting local config ldap_root_password to zimbra
Fri Oct  6 09:12:40 2017 *** Running as zimbra user: /opt/zimbra/bin/zmlocalconfig -f -e ldap_root_password='zimbra' 2> /dev/null
Fri Oct  6 09:12:40 2017 Setting local config zimbra_ldap_password to zimbra
Fri Oct  6 09:12:40 2017 *** Running as zimbra user: /opt/zimbra/bin/zmlocalconfig -f -e zimbra_ldap_password='zimbra' 2> /dev/null
Fri Oct  6 09:12:41 2017 done.
Fri Oct  6 09:12:41 2017 Setting up CA...
Fri Oct  6 09:12:41 2017 *** Running as zimbra user: /opt/zimbra/bin/zmcertmgr createca 
** Creating directory '/opt/zimbra/conf/ca'
** Creating directory '/opt/zimbra/ssl/zimbra'
** Creating directory '/opt/zimbra/ssl/zimbra/ca'
** Creating directory '/opt/zimbra/ssl/zimbra/commercial'
** Creating directory '/opt/zimbra/ssl/zimbra/server'
** Creating directory '/opt/zimbra/ssl/zimbra/ca/newcerts'
** Touching file '/opt/zimbra/ssl/.rnd'
** Touching file '/opt/zimbra/ssl/zimbra/ca/index.txt'
** Creating /opt/zimbra/ssl/zimbra/ca/zmssl.cnf
** Retrieving CA cert from LDAP... ok
** Creating '/opt/zimbra/ssl/zimbra/ca/ca.pem'
** Retrieving CA private key from LDAP... ok
** Creating '/opt/zimbra/ssl/zimbra/ca/ca.key'
** Retrieving Commercial CA cert from LDAP... ok
Fri Oct  6 09:12:57 2017 done.
Fri Oct  6 09:12:57 2017 Deploying CA to /opt/zimbra/conf/ca ...
Fri Oct  6 09:12:57 2017 *** Running as zimbra user: /opt/zimbra/bin/zmcertmgr deployca -localonly
** Importing cert '/opt/zimbra/ssl/zimbra/ca/ca.pem' as 'my_ca' into cacerts '/opt/zimbra/common/lib/jvm/java/jre/lib/security/cacerts'
** NOTE: restart mailboxd to use the imported certificate.
** Copying CA to /opt/zimbra/conf/ca
** Copying '/opt/zimbra/ssl/zimbra/ca/ca.key' to '/opt/zimbra/conf/ca/ca.key'
** Copying '/opt/zimbra/ssl/zimbra/ca/ca.pem' to '/opt/zimbra/conf/ca/ca.pem'
** Creating CA hash symlink 'e9dde4df.0' -> 'ca.pem'
Fri Oct  6 09:12:59 2017 done.
Fri Oct  6 09:12:59 2017 Creating zimbra-mta SSL certificate...
Fri Oct  6 09:12:59 2017 *** Running as zimbra user: /opt/zimbra/bin/zmcertmgr createcrt -new
** Backup /opt/zimbra/ssl/zimbra to /opt/zimbra/ssl/zimbra.20171006091300
** Creating /opt/zimbra/conf/zmssl.cnf
** Generating a server CSR of type 'self' for download
** Using CA cert in '/opt/zimbra/ssl/zimbra/ca/ca.pem'
** Using CA private key in '/opt/zimbra/ssl/zimbra/ca/ca.key'
** Retrieving Commercial CA cert from LDAP... ok
** Creating server cert request /opt/zimbra/ssl/zimbra/server/server.csr with keysize=2048 digest=sha256
** Saving config key 'zimbraSSLPrivateKey' via zmprov modifyServer zmc-mta...failed (rc=2)
** Signing cert request /opt/zimbra/ssl/zimbra/server/server.csr
Fri Oct  6 09:13:07 2017 done.
Fri Oct  6 09:13:07 2017 Installing MTA SSL certificates...
Fri Oct  6 09:13:07 2017 *** Running as zimbra user: /opt/zimbra/bin/zmcertmgr deploycrt self
** Installing imapd certificate '/opt/zimbra/conf/imapd.crt' and key '/opt/zimbra/conf/imapd.key'
** Copying '/opt/zimbra/ssl/zimbra/server/server.crt' to '/opt/zimbra/conf/imapd.crt'
** Copying '/opt/zimbra/ssl/zimbra/server/server.key' to '/opt/zimbra/conf/imapd.key'
** Creating file '/opt/zimbra/ssl/zimbra/jetty.pkcs12'
** Creating keystore '/opt/zimbra/conf/imapd.keystore'
** Installing ldap certificate '/opt/zimbra/conf/slapd.crt' and key '/opt/zimbra/conf/slapd.key'
** Copying '/opt/zimbra/ssl/zimbra/server/server.crt' to '/opt/zimbra/conf/slapd.crt'
** Copying '/opt/zimbra/ssl/zimbra/server/server.key' to '/opt/zimbra/conf/slapd.key'
** Installing mta certificate '/opt/zimbra/conf/smtpd.crt' and key '/opt/zimbra/conf/smtpd.key'
** Copying '/opt/zimbra/ssl/zimbra/server/server.crt' to '/opt/zimbra/conf/smtpd.crt'
** Copying '/opt/zimbra/ssl/zimbra/server/server.key' to '/opt/zimbra/conf/smtpd.key'
** Installing proxy certificate '/opt/zimbra/conf/nginx.crt' and key '/opt/zimbra/conf/nginx.key'
** Copying '/opt/zimbra/ssl/zimbra/server/server.crt' to '/opt/zimbra/conf/nginx.crt'
** Copying '/opt/zimbra/ssl/zimbra/server/server.key' to '/opt/zimbra/conf/nginx.key'
** NOTE: restart services to use the new certificates.
** Cleaning up 3 files from '/opt/zimbra/conf/ca'
** Removing /opt/zimbra/conf/ca/ca.key
** Removing /opt/zimbra/conf/ca/e9dde4df.0
** Removing /opt/zimbra/conf/ca/ca.pem
** Copying CA to /opt/zimbra/conf/ca
** Copying '/opt/zimbra/ssl/zimbra/ca/ca.key' to '/opt/zimbra/conf/ca/ca.key'
** Copying '/opt/zimbra/ssl/zimbra/ca/ca.pem' to '/opt/zimbra/conf/ca/ca.pem'
** Creating CA hash symlink 'e9dde4df.0' -> 'ca.pem'
Fri Oct  6 09:13:08 2017 done.
Fri Oct  6 09:13:08 2017 checking isEnabled zimbra-ldap
Fri Oct  6 09:13:08 2017 zimbra-ldap is not enabled
Fri Oct  6 09:13:08 2017 checking isEnabled zimbra-ldap
Fri Oct  6 09:13:08 2017 zimbra-ldap is not enabled
Fri Oct  6 09:13:08 2017 Updating ldap user passwords
Fri Oct  6 09:13:08 2017 Skipping update of unchanged value for ldap_root_password=zimbra.
Fri Oct  6 09:13:08 2017 Skipping update of unchanged value for zimbra_ldap_password=zimbra.
Fri Oct  6 09:13:08 2017 Setting local config ldap_replication_password to zimbra
Fri Oct  6 09:13:08 2017 *** Running as zimbra user: /opt/zimbra/bin/zmlocalconfig -f -e ldap_replication_password='zimbra' 2> /dev/null
Fri Oct  6 09:13:09 2017 Setting local config ldap_postfix_password to zimbra
Fri Oct  6 09:13:09 2017 *** Running as zimbra user: /opt/zimbra/bin/zmlocalconfig -f -e ldap_postfix_password='zimbra' 2> /dev/null
Fri Oct  6 09:13:10 2017 Setting local config ldap_amavis_password to zimbra
Fri Oct  6 09:13:10 2017 *** Running as zimbra user: /opt/zimbra/bin/zmlocalconfig -f -e ldap_amavis_password='zimbra' 2> /dev/null
Fri Oct  6 09:13:10 2017 Setting local config ldap_nginx_password to zimbra
Fri Oct  6 09:13:10 2017 *** Running as zimbra user: /opt/zimbra/bin/zmlocalconfig -f -e ldap_nginx_password='zimbra' 2> /dev/null
Fri Oct  6 09:13:11 2017 Setting local config ldap_bes_searcher_password to zimbra
Fri Oct  6 09:13:11 2017 *** Running as zimbra user: /opt/zimbra/bin/zmlocalconfig -f -e ldap_bes_searcher_password='zimbra' 2> /dev/null
Fri Oct  6 09:13:11 2017 Creating server entry for zmc-mta...
Fri Oct  6 09:13:15 2017 ERROR: account.NO_SUCH_SERVER (no such server: zmc-mta)
Fri Oct  6 09:13:15 2017 *** Running as zimbra user: /opt/zimbra/bin/zmprov -r -m -l cs zmc-mta
8450b4f3-62db-4b46-9a98-f0a91334ed68
Fri Oct  6 09:13:18 2017 done.
Fri Oct  6 09:13:18 2017 Setting Zimbra IP Mode...
Fri Oct  6 09:13:18 2017 Updating cached config attribute for Server zmc-mta: zimbraIPMode=ipv4
Fri Oct  6 09:13:18 2017 *** Running as zimbra user: /opt/zimbra/bin/zmprov -r -m -l ms zmc-mta  zimbraIPMode 'ipv4'
Fri Oct  6 09:13:21 2017 done.
Fri Oct  6 09:13:21 2017 *** Running as zimbra user: /opt/zimbra/libexec/zmiptool >/dev/null 2>/dev/null
Fri Oct  6 09:13:28 2017 Saving CA in ldap...
Fri Oct  6 09:13:28 2017 *** Running as zimbra user: /opt/zimbra/bin/zmcertmgr deployca
** Importing cert '/opt/zimbra/ssl/zimbra/ca/ca.pem' as 'my_ca' into cacerts '/opt/zimbra/common/lib/jvm/java/jre/lib/security/cacerts'
** NOTE: restart mailboxd to use the imported certificate.
** Cleaning up 3 files from '/opt/zimbra/conf/ca'
** Removing /opt/zimbra/conf/ca/ca.key
** Removing /opt/zimbra/conf/ca/e9dde4df.0
** Removing /opt/zimbra/conf/ca/ca.pem
** Copying CA to /opt/zimbra/conf/ca
** Copying '/opt/zimbra/ssl/zimbra/ca/ca.key' to '/opt/zimbra/conf/ca/ca.key'
** Copying '/opt/zimbra/ssl/zimbra/ca/ca.pem' to '/opt/zimbra/conf/ca/ca.pem'
** Creating CA hash symlink 'e9dde4df.0' -> 'ca.pem'
Fri Oct  6 09:13:30 2017 done.
Fri Oct  6 09:13:30 2017 Saving SSL Certificate in ldap...
Fri Oct  6 09:13:30 2017 *** Running as zimbra user: /opt/zimbra/bin/zmcertmgr savecrt self
** Saving config key 'zimbraSSLCertificate' via zmprov modifyServer zmc-mta...ok
** Saving config key 'zimbraSSLPrivateKey' via zmprov modifyServer zmc-mta...ok
Fri Oct  6 09:13:36 2017 done.
Fri Oct  6 09:13:36 2017 entering function: gcf zimbraSSLDHParam=/opt/zimbra/conf/dhparam.pem.zcs
Fri Oct  6 09:13:36 2017 Updating cached global config attribute zimbraSSLDHParam=/opt/zimbra/conf/dhparam.pem.zcs
Fri Oct  6 09:13:36 2017 *** Running as zimbra user: /opt/zimbra/bin/zmprov -r -m -l mcf  zimbraSSLDHParam '/opt/zimbra/conf/dhparam.pem.zcs'
Fri Oct  6 09:13:39 2017 checking isEnabled zimbra-store
Fri Oct  6 09:13:39 2017 zimbra-store is not enabled
Fri Oct  6 09:13:39 2017 checking isEnabled zimbra-dnscache
Fri Oct  6 09:13:39 2017 zimbra-dnscache is not enabled
Fri Oct  6 09:13:39 2017 checking isEnabled zimbra-ldap
Fri Oct  6 09:13:39 2017 zimbra-ldap is not enabled
Fri Oct  6 09:13:39 2017 checking isEnabled zimbra-mta
Fri Oct  6 09:13:39 2017 zimbra-mta is enabled
Fri Oct  6 09:13:39 2017 Initializing mta config...
Fri Oct  6 09:13:39 2017 Setting local config postfix_mail_owner to postfix
Fri Oct  6 09:13:39 2017 *** Running as zimbra user: /opt/zimbra/bin/zmlocalconfig -f -e postfix_mail_owner='postfix' 2> /dev/null
Fri Oct  6 09:13:39 2017 Setting local config postfix_setgid_group to postdrop
Fri Oct  6 09:13:39 2017 *** Running as zimbra user: /opt/zimbra/bin/zmlocalconfig -f -e postfix_setgid_group='postdrop' 2> /dev/null
Fri Oct  6 09:13:40 2017 *** Running as zimbra user: /opt/zimbra/libexec/zmmtainit
Fri Oct  6 09:13:40 2017 done.
Fri Oct  6 09:13:40 2017 Updating cached config attribute for Server zmc-mta: zimbraMtaMyNetworks=127.0.0.0/8 [::1]/128 10.0.0.0/24
Fri Oct  6 09:13:40 2017 *** Running as zimbra user: /opt/zimbra/bin/zmprov -r -m -l ms zmc-mta  zimbraMtaMyNetworks '127.0.0.0/8 [::1]/128 10.0.0.0/24'
Fri Oct  6 09:13:43 2017 Setting services on zmc-mta...
Fri Oct  6 09:13:43 2017 Updating cached config attribute for Server zmc-mta: zimbraServiceInstalled=amavis
Fri Oct  6 09:13:43 2017 Updating cached config attribute for Server zmc-mta: zimbraServiceInstalled=antivirus
Fri Oct  6 09:13:43 2017 Updating cached config attribute for Server zmc-mta: zimbraServiceInstalled=antispam
Fri Oct  6 09:13:43 2017 Updating cached config attribute for Server zmc-mta: zimbraServiceInstalled=opendkim
Fri Oct  6 09:13:43 2017 Updating cached config attribute for Server zmc-mta: zimbraServiceInstalled=mta
Fri Oct  6 09:13:43 2017 Updating cached config attribute for Server zmc-mta: zimbraServiceInstalled=stats
Fri Oct  6 09:13:43 2017 *** Running as zimbra user: /opt/zimbra/bin/zmprov -r -m -l ms zmc-mta  zimbraServiceInstalled 'amavis' zimbraServiceInstalled 'antivirus' zimbraServiceInstalled 'antispam' zimbraServiceInstalled 'opendkim' zimbraServiceInstalled 'mta' zimbraServiceInstalled 'stats'
Fri Oct  6 09:13:45 2017 Updating cached config attribute for Server zmc-mta: zimbraServiceEnabled=amavis
Fri Oct  6 09:13:45 2017 Updating cached config attribute for Server zmc-mta: zimbraServiceEnabled=opendkim
Fri Oct  6 09:13:45 2017 Updating cached config attribute for Server zmc-mta: zimbraServiceEnabled=stats
Fri Oct  6 09:13:45 2017 Updating cached config attribute for Server zmc-mta: zimbraServiceEnabled=mta
Fri Oct  6 09:13:45 2017 *** Running as zimbra user: /opt/zimbra/bin/zmprov -r -m -l ms zmc-mta  zimbraServiceEnabled 'amavis' zimbraServiceEnabled 'opendkim' zimbraServiceEnabled 'stats' zimbraServiceEnabled 'mta'
Fri Oct  6 09:13:48 2017 done.
Fri Oct  6 09:13:48 2017 *** Running as zimbra user: /opt/zimbra/libexec/zmiptool >/dev/null 2>/dev/null
Fri Oct  6 09:13:54 2017 checking isEnabled zimbra-store
Fri Oct  6 09:13:54 2017 zimbra-store is not enabled
Fri Oct  6 09:13:54 2017 checking isEnabled zimbra-ldap
Fri Oct  6 09:13:54 2017 zimbra-ldap is not enabled
Fri Oct  6 09:13:54 2017 checking isEnabled zimbra-store
Fri Oct  6 09:13:54 2017 zimbra-store is not enabled
Fri Oct  6 09:13:54 2017 checking isEnabled zimbra-store
Fri Oct  6 09:13:54 2017 zimbra-store is not enabled
Fri Oct  6 09:13:54 2017 checking isEnabled zimbra-logger
Fri Oct  6 09:13:54 2017 zimbra-logger is not enabled
Fri Oct  6 09:13:54 2017 checking isEnabled zimbra-snmp
Fri Oct  6 09:13:54 2017 zimbra-snmp not in enabled cache
Fri Oct  6 09:13:54 2017 enabled packages zimbra-core zimbra-ldap zimbra-spell zimbra-dnscache zimbra-imapd zimbra-mta zimbra-store zimbra-logger
Fri Oct  6 09:13:54 2017 Newinstall enabling all installed packages
Fri Oct  6 09:13:54 2017 Enabling zimbra-core
Fri Oct  6 09:13:54 2017 Enabling zimbra-mta
Fri Oct  6 09:13:54 2017 checking isEnabled zimbra-ldap
Fri Oct  6 09:13:54 2017 zimbra-ldap is not enabled
Fri Oct  6 09:13:54 2017 Setting up syslog.conf...
Fri Oct  6 09:13:54 2017 *** Running as root user: /opt/zimbra/libexec/zmsyslogsetup
Unescaped left brace in regex is deprecated, passed through in regex; marked by <-- HERE in m/(^destination mail { <-- HERE  file\("/var/log/mail"\); };)/ at /opt/zimbra/libexec/zmsyslogsetup line 190.
updateRsyslogd: Updating /etc/rsyslog.d/50-default.conf...done.
Fri Oct  6 09:13:59 2017 done.
Fri Oct  6 09:13:59 2017 checking isEnabled zimbra-ldap
Fri Oct  6 09:13:59 2017 zimbra-ldap is not enabled
Fri Oct  6 09:13:59 2017 Setting local config ssl_allow_untrusted_certs to false
Fri Oct  6 09:13:59 2017 *** Running as zimbra user: /opt/zimbra/bin/zmlocalconfig -f -e ssl_allow_untrusted_certs='false' 2> /dev/null
Fri Oct  6 09:14:00 2017 checking isEnabled zimbra-mta
Fri Oct  6 09:14:00 2017 zimbra-mta is enabled
Fri Oct  6 09:14:00 2017 Running /opt/zimbra/bin/zmprov -r -m -l gas mta
Fri Oct  6 09:14:03 2017 Setting local config zmtrainsa_cleanup_host to true
Fri Oct  6 09:14:03 2017 *** Running as zimbra user: /opt/zimbra/bin/zmlocalconfig -f -e zmtrainsa_cleanup_host='true' 2> /dev/null
Fri Oct  6 09:14:04 2017 Updating cached config attribute for Server zmc-mta: zimbraServerVersion=8.8.1_GA_1782
Fri Oct  6 09:14:04 2017 *** Running as zimbra user: /opt/zimbra/bin/zmprov -r -m -l ms zmc-mta  zimbraServerVersion '8.8.1_GA_1782'
Fri Oct  6 09:14:07 2017 Updating cached config attribute for Server zmc-mta: zimbraServerVersionMajor=8
Fri Oct  6 09:14:07 2017 *** Running as zimbra user: /opt/zimbra/bin/zmprov -r -m -l ms zmc-mta  zimbraServerVersionMajor '8'
Fri Oct  6 09:14:10 2017 Updating cached config attribute for Server zmc-mta: zimbraServerVersionMinor=8
Fri Oct  6 09:14:10 2017 *** Running as zimbra user: /opt/zimbra/bin/zmprov -r -m -l ms zmc-mta  zimbraServerVersionMinor '8'
Fri Oct  6 09:14:13 2017 Updating cached config attribute for Server zmc-mta: zimbraServerVersionMicro=1
Fri Oct  6 09:14:13 2017 *** Running as zimbra user: /opt/zimbra/bin/zmprov -r -m -l ms zmc-mta  zimbraServerVersionMicro '1'
Fri Oct  6 09:14:16 2017 Updating cached config attribute for Server zmc-mta: zimbraServerVersionType=GA
Fri Oct  6 09:14:16 2017 *** Running as zimbra user: /opt/zimbra/bin/zmprov -r -m -l ms zmc-mta  zimbraServerVersionType 'GA'
Fri Oct  6 09:14:20 2017 Updating cached config attribute for Server zmc-mta: zimbraServerVersionBuild=1782
Fri Oct  6 09:14:20 2017 *** Running as zimbra user: /opt/zimbra/bin/zmprov -r -m -l ms zmc-mta  zimbraServerVersionBuild '1782'
Fri Oct  6 09:14:23 2017 checking isEnabled zimbra-imapd
Fri Oct  6 09:14:23 2017 zimbra-imapd is not enabled
Fri Oct  6 09:14:23 2017 checking isEnabled zimbra-store
Fri Oct  6 09:14:23 2017 zimbra-store is not enabled
Fri Oct  6 09:14:23 2017 Disabling zimbraNetworkModulesNGEnabled 
Fri Oct  6 09:14:23 2017 Updating cached config attribute for Server zmc-mta: zimbraNetworkModulesNGEnabled=FALSE
Fri Oct  6 09:14:23 2017 *** Running as zimbra user: /opt/zimbra/bin/zmprov -r -m -l ms zmc-mta  zimbraNetworkModulesNGEnabled 'FALSE'
Fri Oct  6 09:14:27 2017 Disabling zimbraNetworkMobileNGEnabled 
Fri Oct  6 09:14:27 2017 Updating cached config attribute for Server zmc-mta: zimbraNetworkMobileNGEnabled=FALSE
Fri Oct  6 09:14:27 2017 *** Running as zimbra user: /opt/zimbra/bin/zmprov -r -m -l ms zmc-mta  zimbraNetworkMobileNGEnabled 'FALSE'
Fri Oct  6 09:14:31 2017 Starting servers...
Fri Oct  6 09:14:31 2017 *** Running as zimbra user: /opt/zimbra/bin/zmcontrol stop
Host zmc-mta
	Stopping zmconfigd...Done.
	Stopping zimlet webapp...Done.
	Stopping zimbraAdmin webapp...Done.
	Stopping zimbra webapp...Done.
	Stopping service webapp...Done.
	Stopping stats...Done.
	Stopping mta...Done.
	Stopping spell...Done.
	Stopping snmp...Done.
	Stopping cbpolicyd...Done.
	Stopping archiving...Done.
	Stopping opendkim...Done.
	Stopping amavis...Done.
	Stopping antivirus...Done.
	Stopping antispam...Done.
	Stopping proxy...Done.
	Stopping memcached...Done.
	Stopping mailbox...Done.
	Stopping logger...Done.
	Stopping dnscache...Done.
Fri Oct  6 09:14:39 2017 *** Running as zimbra user: /opt/zimbra/bin/zmcontrol start
Host zmc-mta
	Starting zmconfigd...Done.
	Starting amavis...Done.
	Starting opendkim...Done.
	Starting mta...Done.
	Starting stats...Done.
Fri Oct  6 09:15:07 2017 done.
Fri Oct  6 09:15:07 2017 checking isEnabled zimbra-store
Fri Oct  6 09:15:07 2017 zimbra-store is not enabled
Fri Oct  6 09:15:07 2017 Skipping creation of default domain GAL sync account - not a service node.
Fri Oct  6 09:15:07 2017 Setting up zimbra crontab...
Fri Oct  6 09:15:07 2017 crontab: Taking a copy of zimbra user crontab file.
Fri Oct  6 09:15:07 2017 crontab: Looking for ZIMBRASTART in existing crontab entry.
Fri Oct  6 09:15:07 2017 crontab: ZIMBRASTART not found truncating zimbra crontab and starting fresh.
Fri Oct  6 09:15:07 2017 crontab: Looking for ZIMBRAEND in existing crontab entry.
Fri Oct  6 09:15:07 2017 crontab: ZIMBRAEND not found truncating zimbra crontab and starting fresh.
Fri Oct  6 09:15:07 2017 crontab: Getting existing backup and custom entries from crontab file.
Fri Oct  6 09:15:07 2017 crontab: Adding zimbra-core specific crontab entries
Fri Oct  6 09:15:07 2017 checking isEnabled zimbra-ldap
Fri Oct  6 09:15:07 2017 zimbra-ldap is not enabled
Fri Oct  6 09:15:07 2017 checking isEnabled zimbra-store
Fri Oct  6 09:15:07 2017 zimbra-store is not enabled
Fri Oct  6 09:15:07 2017 checking isEnabled zimbra-logger
Fri Oct  6 09:15:07 2017 zimbra-logger is not enabled
Fri Oct  6 09:15:07 2017 checking isEnabled zimbra-mta
Fri Oct  6 09:15:07 2017 zimbra-mta is enabled
Fri Oct  6 09:15:07 2017 crontab: Adding zimbra-mta specific crontab entries
Fri Oct  6 09:15:07 2017 crontab: adding backup block
Fri Oct  6 09:15:07 2017 crontab: Adding backup and custom entries to crontab.
Fri Oct  6 09:15:07 2017 crontab: installing new crontab
Fri Oct  6 09:15:07 2017 done.
Fri Oct  6 09:15:07 2017 *** Running as zimbra user: /opt/zimbra/bin/zmsshkeygen
Generating public/private rsa key pair.
Your identification has been saved in /opt/zimbra/.ssh/zimbra_identity.
Your public key has been saved in /opt/zimbra/.ssh/zimbra_identity.pub.
The key fingerprint is:
SHA256:QWl/MssmaKfvFlMtoDtxEF479DId/4sXAXbRbefjyVM zmc-mta
The key's randomart image is:
+---[RSA 2048]----+
|      ..+.. o oo.|
|     ..+++ + o  =|
|      .+*oo.. .o.|
|      o .=* o. oE|
|       =So *  = +|
|      = = +  . B |
|     . + =  . o .|
|      . .    .   |
|       +o        |
+----[SHA256]-----+
Fri Oct  6 09:15:10 2017 *** Running as zimbra user: /opt/zimbra/bin/zmupdateauthkeys
Updating keys for zmc-ldap
Fetching key for zmc-ldap
Updating keys for zmc-ldap
Updating keys for zmc-mta
Fetching key for zmc-mta
Updating keys for zmc-mta
Updating keys for zmc-mysql
Fetching key for zmc-mysql
Key for zmc-mysql NOT FOUND
Updating /opt/zimbra/.ssh/authorized_keys
Fri Oct  6 09:15:25 2017 checking isEnabled zimbra-ldap
Fri Oct  6 09:15:25 2017 zimbra-ldap is not enabled
Fri Oct  6 09:15:25 2017 checking isEnabled zimbra-store
Fri Oct  6 09:15:25 2017 zimbra-store is not enabled
Fri Oct  6 09:15:25 2017 checking isEnabled zimbra-logger
Fri Oct  6 09:15:25 2017 zimbra-logger is not enabled
Fri Oct  6 09:15:25 2017 checking isEnabled zimbra-mta
Fri Oct  6 09:15:25 2017 zimbra-mta is enabled
Fri Oct  6 09:15:25 2017 

Fri Oct  6 09:15:25 2017 Moving /tmp/zmsetup.20171006-091209.log to /opt/zimbra/log
Fri Oct  6 09:15:25 2017 

Fri Oct  6 09:15:25 2017 Skipping update of unchanged value for zimbraServerVersion=8.8.1_GA_1782.
Fri Oct  6 09:15:25 2017 Skipping update of unchanged value for zimbraServerVersionMajor=8.
Fri Oct  6 09:15:25 2017 Skipping update of unchanged value for zimbraServerVersionMinor=8.
Fri Oct  6 09:15:25 2017 Skipping update of unchanged value for zimbraServerVersionMicro=1.
Fri Oct  6 09:15:25 2017 Skipping update of unchanged value for zimbraServerVersionType=GA.
Fri Oct  6 09:15:25 2017 Skipping update of unchanged value for zimbraServerVersionBuild=1782.
Fri Oct  6 09:15:25 2017 Moving /tmp/zmsetup.20171006-091209.log to /opt/zimbra/log
